[0816/161247.116:ERROR:minidumpwritedump_with_crashpad_info.cc(435)] Failed to call MiniDumpWriteDump: Only part of a ReadProcessMemory or WriteProcessMemory request was completed. (0x8007012B)
[0816/161247.117:ERROR:minidumpwritedump_with_crashpad_info.cc(592)] Failed to write minidump file
[0816/161247.117:ERROR:crash_report_exception_handler.cc(132)] TryMiniDumpWriteDumpWithCrashpadInfo failed
[0816/161247.119:ERROR:process_memory_win.cc(73)] ReadMemory at 0x7ff7fdb90000 of 64 bytes failed: Only part of a ReadProcessMemory or WriteProcessMemory request was completed. (0x12B)
[0816/161247.119:WARNING:pe_image_reader.cc(340)] could not read dos header from C:\Program Files (x86)\Microsoft\Edge\Application\msedge.exe
[0816/161247.119:ERROR:process_memory_win.cc(73)] ReadMemory at 0x7ffb8fd00000 of 64 bytes failed: Only part of a ReadProcessMemory or WriteProcessMemory request was completed. (0x12B)
[0816/161247.119:WARNING:pe_image_reader.cc(340)] could not read dos header from C:\Program Files (x86)\Microsoft\Edge\Application\84.0.522.59\msedge.dll
[0816/161247.120:ERROR:process_memory_win.cc(73)] ReadMemory at 0x7ff7fdb90000 of 64 bytes failed: Only part of a ReadProcessMemory or WriteProcessMemory request was completed. (0x12B)
[0816/161247.120:WARNING:pe_image_reader.cc(340)] could not read dos header from C:\Program Files (x86)\Microsoft\Edge\Application\msedge.exe
[0816/161247.120:ERROR:process_memory_win.cc(73)] ReadMemory at 0x7ff7fdb90000 of 64 bytes failed: Only part of a ReadProcessMemory or WriteProcessMemory request was completed. (0x12B)
[0816/161247.120:WARNING:pe_image_reader.cc(340)] could not read dos header from C:\Program Files (x86)\Microsoft\Edge\Application\msedge.exe
[0816/161247.120:ERROR:process_memory_win.cc(73)] ReadMemory at 0x7ffbe09b0000 of 64 bytes failed: Only part of a ReadProcessMemory or WriteProcessMemory request was completed. (0x12B)
[0816/161247.120:WARNING:pe_image_reader.cc(340)] could not read dos header from C:\Program Files (x86)\Microsoft\Edge\Application\84.0.522.59\msedge_elf.dll
[0816/161247.120:ERROR:process_memory_win.cc(73)] ReadMemory at 0x7ffbe09b0000 of 64 bytes failed: Only part of a ReadProcessMemory or WriteProcessMemory request was completed. (0x12B)
[0816/161247.120:WARNING:pe_image_reader.cc(340)] could not read dos header from C:\Program Files (x86)\Microsoft\Edge\Application\84.0.522.59\msedge_elf.dll
[0816/161247.121:ERROR:process_memory_win.cc(73)] ReadMemory at 0x7ffb8fd00000 of 64 bytes failed: Only part of a ReadProcessMemory or WriteProcessMemory request was completed. (0x12B)
[0816/161247.121:WARNING:pe_image_reader.cc(340)] could not read dos header from C:\Program Files (x86)\Microsoft\Edge\Application\84.0.522.59\msedge.dll
[0816/161247.121:ERROR:process_memory_win.cc(73)] ReadMemory at 0x7ffb8fd00000 of 64 bytes failed: Only part of a ReadProcessMemory or WriteProcessMemory request was completed. (0x12B)
[0816/161247.121:WARNING:pe_image_reader.cc(340)] could not read dos header from C:\Program Files (x86)\Microsoft\Edge\Application\84.0.522.59\msedge.dll
[0816/161247.121:ERROR:process_memory_win.cc(73)] ReadMemory at 0x7ffc002d01f8 of 40 bytes failed: Only part of a ReadProcessMemory or WriteProcessMemory request was completed. (0x12B)
[0816/161247.121:WARNING:pe_image_reader.cc(392)] could not read section 0 from C:\WINDOWS\System32\ucrtbase.dll
[0816/161247.121:ERROR:process_memory_win.cc(73)] ReadMemory at 0x7ffc002d0000 of 64 bytes failed: Only part of a ReadProcessMemory or WriteProcessMemory request was completed. (0x12B)
[0816/161247.121:WARNING:pe_image_reader.cc(340)] could not read dos header from C:\WINDOWS\System32\ucrtbase.dll
[0816/161247.121:ERROR:process_memory_win.cc(73)] ReadMemory at 0x7ffc001a0000 of 64 bytes failed: Only part of a ReadProcessMemory or WriteProcessMemory request was completed. (0x12B)
[0816/161247.121:WARNING:pe_image_reader.cc(340)] could not read dos header from C:\WINDOWS\System32\WINTRUST.dll
[0816/161247.121:ERROR:process_memory_win.cc(73)] ReadMemory at 0x7ffc001a0000 of 64 bytes failed: Only part of a ReadProcessMemory or WriteProcessMemory request was completed. (0x12B)
[0816/161247.121:WARNING:pe_image_reader.cc(340)] could not read dos header from C:\WINDOWS\System32\WINTRUST.dll
[0816/161247.121:ERROR:process_memory_win.cc(73)] ReadMemory at 0x7ffbffc80000 of 64 bytes failed: Only part of a ReadProcessMemory or WriteProcessMemory request was completed. (0x12B)
[0816/161247.121:WARNING:pe_image_reader.cc(340)] could not read dos header from C:\WINDOWS\System32\MSASN1.dll
[0816/161247.121:ERROR:process_memory_win.cc(73)] ReadMemory at 0x7ffbffc80000 of 64 bytes failed: Only part of a ReadProcessMemory or WriteProcessMemory request was completed. (0x12B)
[0816/161247.121:WARNING:pe_image_reader.cc(340)] could not read dos header from C:\WINDOWS\System32\MSASN1.dll
[0816/161247.121:ERROR:process_memory_win.cc(73)] ReadMemory at 0x7ffc003d0000 of 64 bytes failed: Only part of a ReadProcessMemory or WriteProcessMemory request was completed. (0x12B)
[0816/161247.121:WARNING:pe_image_reader.cc(340)] could not read dos header from C:\WINDOWS\System32\CRYPT32.dll
[0816/161247.121:ERROR:process_memory_win.cc(73)] ReadMemory at 0x7ffc003d0000 of 64 bytes failed: Only part of a ReadProcessMemory or WriteProcessMemory request was completed. (0x12B)
[0816/161247.121:WARNING:pe_image_reader.cc(340)] could not read dos header from C:\WINDOWS\System32\CRYPT32.dll
[0816/161247.121:ERROR:process_memory_win.cc(73)] ReadMemory at 0x7ffbff140000 of 64 bytes failed: Only part of a ReadProcessMemory or WriteProcessMemory request was completed. (0x12B)
[0816/161247.121:WARNING:pe_image_reader.cc(340)] could not read dos header from C:\WINDOWS\SYSTEM32\IPHLPAPI.DLL
[0816/161247.121:ERROR:process_memory_win.cc(73)] ReadMemory at 0x7ffbff140000 of 64 bytes failed: Only part of a ReadProcessMemory or WriteProcessMemory request was completed. (0x12B)
[0816/161247.121:WARNING:pe_image_reader.cc(340)] could not read dos header from C:\WINDOWS\SYSTEM32\IPHLPAPI.DLL
[0816/161247.121:ERROR:process_memory_win.cc(73)] ReadMemory at 0x7ffbfc960000 of 64 bytes failed: Only part of a ReadProcessMemory or WriteProcessMemory request was completed. (0x12B)
[0816/161247.121:WARNING:pe_image_reader.cc(340)] could not read dos header from C:\WINDOWS\SYSTEM32\WINMM.dll
[0816/161247.121:ERROR:process_memory_win.cc(73)] ReadMemory at 0x7ffbfc960000 of 64 bytes failed: Only part of a ReadProcessMemory or WriteProcessMemory request was completed. (0x12B)
[0816/161247.121:WARNING:pe_image_reader.cc(340)] could not read dos header from C:\WINDOWS\SYSTEM32\WINMM.dll
[0816/161247.121:ERROR:process_memory_win.cc(73)] ReadMemory at 0x7ffbead50000 of 64 bytes failed: Only part of a ReadProcessMemory or WriteProcessMemory request was completed. (0x12B)
[0816/161247.121:WARNING:pe_image_reader.cc(340)] could not read dos header from C:\WINDOWS\SYSTEM32\Secur32.dll
[0816/161247.122:ERROR:process_memory_win.cc(73)] ReadMemory at 0x7ffbead50000 of 64 bytes failed: Only part of a ReadProcessMemory or WriteProcessMemory request was completed. (0x12B)
[0816/161247.122:WARNING:pe_image_reader.cc(340)] could not read dos header from C:\WINDOWS\SYSTEM32\Secur32.dll
[0816/161247.122:ERROR:process_memory_win.cc(73)] ReadMemory at 0x7ffbffaf0000 of 64 bytes failed: Only part of a ReadProcessMemory or WriteProcessMemory request was completed. (0x12B)
[0816/161247.122:WARNING:pe_image_reader.cc(340)] could not read dos header from C:\WINDOWS\SYSTEM32\USERENV.dll
[0816/161247.122:ERROR:process_memory_win.cc(73)] ReadMemory at 0x7ffbffaf0000 of 64 bytes failed: Only part of a ReadProcessMemory or WriteProcessMemory request was completed. (0x12B)
[0816/161247.122:WARNING:pe_image_reader.cc(340)] could not read dos header from C:\WINDOWS\SYSTEM32\USERENV.dll
[0816/161247.122:ERROR:process_memory_win.cc(73)] ReadMemory at 0x7ffbffc30000 of 64 bytes failed: Only part of a ReadProcessMemory or WriteProcessMemory request was completed. (0x12B)
[0816/161247.122:WARNING:pe_image_reader.cc(340)] could not read dos header from C:\WINDOWS\System32\profapi.dll
[0816/161247.122:ERROR:process_memory_win.cc(73)] ReadMemory at 0x7ffbffc30000 of 64 bytes failed: Only part of a ReadProcessMemory or WriteProcessMemory request was completed. (0x12B)
[0816/161247.122:WARNING:pe_image_reader.cc(340)] could not read dos header from C:\WINDOWS\System32\profapi.dll
[0816/161247.122:ERROR:process_memory_win.cc(73)] ReadMemory at 0x7ffbf15b0000 of 64 bytes failed: Only part of a ReadProcessMemory or WriteProcessMemory request was completed. (0x12B)
[0816/161247.122:WARNING:pe_image_reader.cc(340)] could not read dos header from C:\WINDOWS\SYSTEM32\UIAutomationCore.DLL
[0816/161247.122:ERROR:process_memory_win.cc(73)] ReadMemory at 0x7ffbf15b0000 of 64 bytes failed: Only part of a ReadProcessMemory or WriteProcessMemory request was completed. (0x12B)
[0816/161247.122:WARNING:pe_image_reader.cc(340)] could not read dos header from C:\WINDOWS\SYSTEM32\UIAutomationCore.DLL
[0816/161247.122:ERROR:process_memory_win.cc(73)] ReadMemory at 0x7ffbebe10000 of 64 bytes failed: Only part of a ReadProcessMemory or WriteProcessMemory request was completed. (0x12B)
[0816/161247.122:WARNING:pe_image_reader.cc(340)] could not read dos header from C:\WINDOWS\SYSTEM32\WINHTTP.dll
[0816/161247.122:ERROR:process_memory_win.cc(73)] ReadMemory at 0x7ffbebe10000 of 64 bytes failed: Only part of a ReadProcessMemory or WriteProcessMemory request was completed. (0x12B)
[0816/161247.122:WARNING:pe_image_reader.cc(340)] could not read dos header from C:\WINDOWS\SYSTEM32\WINHTTP.dll
[0816/161247.122:ERROR:process_memory_win.cc(73)] ReadMemory at 0x7ffbed190000 of 64 bytes failed: Only part of a ReadProcessMemory or WriteProcessMemory request was completed. (0x12B)
[0816/161247.122:WARNING:pe_image_reader.cc(340)] could not read dos header from C:\WINDOWS\SYSTEM32\DWrite.dll
[0816/161247.122:ERROR:process_memory_win.cc(73)] ReadMemory at 0x7ffbed190000 of 64 bytes failed: Only part of a ReadProcessMemory or WriteProcessMemory request was completed. (0x12B)
[0816/161247.122:WARNING:pe_image_reader.cc(340)] could not read dos header from C:\WINDOWS\SYSTEM32\DWrite.dll
[0816/161247.122:ERROR:process_memory_win.cc(73)] ReadMemory at 0x7ffbf2b10000 of 64 bytes failed: Only part of a ReadProcessMemory or WriteProcessMemory request was completed. (0x12B)
[0816/161247.122:WARNING:pe_image_reader.cc(340)] could not read dos header from C:\WINDOWS\SYSTEM32\WINSPOOL.DRV
[0816/161247.122:ERROR:process_memory_win.cc(73)] ReadMemory at 0x7ffbf2b10000 of 64 bytes failed: Only part of a ReadProcessMemory or WriteProcessMemory request was completed. (0x12B)
[0816/161247.122:WARNING:pe_image_reader.cc(340)] could not read dos header from C:\WINDOWS\SYSTEM32\WINSPOOL.DRV
[0816/161247.122:ERROR:process_memory_win.cc(73)] ReadMemory at 0x7ffbffc60000 of 64 bytes failed: Only part of a ReadProcessMemory or WriteProcessMemory request was completed. (0x12B)
[0816/161247.122:WARNING:pe_image_reader.cc(340)] could not read dos header from C:\WINDOWS\System32\kernel.appcore.dll
[0816/161247.122:ERROR:process_memory_win.cc(73)] ReadMemory at 0x7ffbffc60000 of 64 bytes failed: Only part of a ReadProcessMemory or WriteProcessMemory request was completed. (0x12B)
[0816/161247.122:WARNING:pe_image_reader.cc(340)] could not read dos header from C:\WINDOWS\System32\kernel.appcore.dll
[0816/161247.122:ERROR:process_memory_win.cc(73)] ReadMemory at 0x7ffc00200000 of 64 bytes failed: Only part of a ReadProcessMemory or WriteProcessMemory request was completed. (0x12B)
[0816/161247.122:WARNING:pe_image_reader.cc(340)] could not read dos header from C:\WINDOWS\System32\bcrypt.dll
[0816/161247.122:ERROR:process_memory_win.cc(73)] ReadMemory at 0x7ffc00200000 of 64 bytes failed: Only part of a ReadProcessMemory or WriteProcessMemory request was completed. (0x12B)
[0816/161247.122:WARNING:pe_image_reader.cc(340)] could not read dos header from C:\WINDOWS\System32\bcrypt.dll
[0816/161247.122:ERROR:process_memory_win.cc(73)] ReadMemory at 0x7ffbe57b0000 of 64 bytes failed: Only part of a ReadProcessMemory or WriteProcessMemory request was completed. (0x12B)
[0816/161247.122:WARNING:pe_image_reader.cc(340)] could not read dos header from C:\WINDOWS\SYSTEM32\dbghelp.dll
[0816/161247.122:ERROR:process_memory_win.cc(73)] ReadMemory at 0x7ffbe57b0000 of 64 bytes failed: Only part of a ReadProcessMemory or WriteProcessMemory request was completed. (0x12B)
[0816/161247.122:WARNING:pe_image_reader.cc(340)] could not read dos header from C:\WINDOWS\SYSTEM32\dbghelp.dll
[0816/161247.123:ERROR:process_memory_win.cc(73)] ReadMemory at 0x7ffbff700000 of 64 bytes failed: Only part of a ReadProcessMemory or WriteProcessMemory request was completed. (0x12B)
[0816/161247.123:WARNING:pe_image_reader.cc(340)] could not read dos header from C:\WINDOWS\SYSTEM32\ncrypt.dll
[0816/161247.123:ERROR:process_memory_win.cc(73)] ReadMemory at 0x7ffbff700000 of 64 bytes failed: Only part of a ReadProcessMemory or WriteProcessMemory request was completed. (0x12B)
[0816/161247.123:WARNING:pe_image_reader.cc(340)] could not read dos header from C:\WINDOWS\SYSTEM32\ncrypt.dll
[0816/161247.123:ERROR:process_memory_win.cc(73)] ReadMemory at 0x7ffbf4de0000 of 64 bytes failed: Only part of a ReadProcessMemory or WriteProcessMemory request was completed. (0x12B)
[0816/161247.123:WARNING:pe_image_reader.cc(340)] could not read dos header from C:\WINDOWS\SYSTEM32\dhcpcsvc.DLL
[0816/161247.123:ERROR:process_memory_win.cc(73)] ReadMemory at 0x7ffbf4de0000 of 64 bytes failed: Only part of a ReadProcessMemory or WriteProcessMemory request was completed. (0x12B)
[0816/161247.123:WARNING:pe_image_reader.cc(340)] could not read dos header from C:\WINDOWS\SYSTEM32\dhcpcsvc.DLL
[0816/161247.123:ERROR:process_memory_win.cc(73)] ReadMemory at 0x7ffc00dd0000 of 64 bytes failed: Only part of a ReadProcessMemory or WriteProcessMemory request was completed. (0x12B)
[0816/161247.123:WARNING:pe_image_reader.cc(340)] could not read dos header from C:\WINDOWS\System32\NSI.dll
[0816/161247.123:ERROR:process_memory_win.cc(73)] ReadMemory at 0x7ffc00dd0000 of 64 bytes failed: Only part of a ReadProcessMemory or WriteProcessMemory request was completed. (0x12B)
[0816/161247.123:WARNING:pe_image_reader.cc(340)] could not read dos header from C:\WINDOWS\System32\NSI.dll
[0816/161247.123:ERROR:process_memory_win.cc(73)] ReadMemory at 0x7ffbfc930000 of 64 bytes failed: Only part of a ReadProcessMemory or WriteProcessMemory request was completed. (0x12B)
[0816/161247.123:WARNING:pe_image_reader.cc(340)] could not read dos header from C:\WINDOWS\SYSTEM32\WINMMBASE.dll
[0816/161247.123:ERROR:process_memory_win.cc(73)] ReadMemory at 0x7ffbfc930000 of 64 bytes failed: Only part of a ReadProcessMemory or WriteProcessMemory request was completed. (0x12B)
[0816/161247.123:WARNING:pe_image_reader.cc(340)] could not read dos header from C:\WINDOWS\SYSTEM32\WINMMBASE.dll
[0816/161247.123:ERROR:process_memory_win.cc(73)] ReadMemory at 0x7ffc005c0000 of 64 bytes failed: Only part of a ReadProcessMemory or WriteProcessMemory request was completed. (0x12B)
[0816/161247.123:WARNING:pe_image_reader.cc(340)] could not read dos header from C:\WINDOWS\System32\cfgmgr32.dll
[0816/161247.123:ERROR:process_memory_win.cc(73)] ReadMemory at 0x7ffc005c0000 of 64 bytes failed: Only part of a ReadProcessMemory or WriteProcessMemory request was completed. (0x12B)
[0816/161247.123:WARNING:pe_image_reader.cc(340)] could not read dos header from C:\WINDOWS\System32\cfgmgr32.dll
[0816/161247.123:ERROR:process_memory_win.cc(73)] ReadMemory at 0x7ffbfc550000 of 64 bytes failed: Only part of a ReadProcessMemory or WriteProcessMemory request was completed. (0x12B)
[0816/161247.123:WARNING:pe_image_reader.cc(340)] could not read dos header from C:\WINDOWS\SYSTEM32\PROPSYS.dll
[0816/161247.123:ERROR:process_memory_win.cc(73)] ReadMemory at 0x7ffbfc550000 of 64 bytes failed: Only part of a ReadProcessMemory or WriteProcessMemory request was completed. (0x12B)
[0816/161247.123:WARNING:pe_image_reader.cc(340)] could not read dos header from C:\WINDOWS\SYSTEM32\PROPSYS.dll
[0816/161247.123:ERROR:process_memory_win.cc(73)] ReadMemory at 0x7ffc011b0000 of 64 bytes failed: Only part of a ReadProcessMemory or WriteProcessMemory request was completed. (0x12B)
[0816/161247.123:WARNING:pe_image_reader.cc(340)] could not read dos header from C:\WINDOWS\System32\shcore.dll
[0816/161247.123:ERROR:process_memory_win.cc(73)] ReadMemory at 0x7ffc011b0000 of 64 bytes failed: Only part of a ReadProcessMemory or WriteProcessMemory request was completed. (0x12B)
[0816/161247.123:WARNING:pe_image_reader.cc(340)] could not read dos header from C:\WINDOWS\System32\shcore.dll
[0816/161247.123:ERROR:process_memory_win.cc(73)] ReadMemory at 0x7ffbff6c0000 of 64 bytes failed: Only part of a ReadProcessMemory or WriteProcessMemory request was completed. (0x12B)
[0816/161247.123:WARNING:pe_image_reader.cc(340)] could not read dos header from C:\WINDOWS\SYSTEM32\NTASN1.dll
[0816/161247.123:ERROR:process_memory_win.cc(73)] ReadMemory at 0x7ffbff6c0000 of 64 bytes failed: Only part of a ReadProcessMemory or WriteProcessMemory request was completed. (0x12B)
[0816/161247.123:WARNING:pe_image_reader.cc(340)] could not read dos header from C:\WINDOWS\SYSTEM32\NTASN1.dll
[0816/161247.123:ERROR:process_memory_win.cc(73)] ReadMemory at 0x7ffbffac0000 of 64 bytes failed: Only part of a ReadProcessMemory or WriteProcessMemory request was completed. (0x12B)
[0816/161247.123:WARNING:pe_image_reader.cc(340)] could not read dos header from C:\WINDOWS\SYSTEM32\SSPICLI.DLL
[0816/161247.123:ERROR:process_memory_win.cc(73)] ReadMemory at 0x7ffbffac0000 of 64 bytes failed: Only part of a ReadProcessMemory or WriteProcessMemory request was completed. (0x12B)
[0816/161247.123:WARNING:pe_image_reader.cc(340)] could not read dos header from C:\WINDOWS\SYSTEM32\SSPICLI.DLL
[0816/161247.123:ERROR:process_memory_win.cc(73)] ReadMemory at 0x7ffbff600000 of 64 bytes failed: Only part of a ReadProcessMemory or WriteProcessMemory request was completed. (0x12B)
[0816/161247.123:WARNING:pe_image_reader.cc(340)] could not read dos header from C:\WINDOWS\SYSTEM32\CRYPTBASE.DLL
[0816/161247.123:ERROR:process_memory_win.cc(73)] ReadMemory at 0x7ffbff600000 of 64 bytes failed: Only part of a ReadProcessMemory or WriteProcessMemory request was completed. (0x12B)
[0816/161247.123:WARNING:pe_image_reader.cc(340)] could not read dos header from C:\WINDOWS\SYSTEM32\CRYPTBASE.DLL
[0816/161247.272:ERROR:process_memory_win.cc(73)] ReadMemory at 0x7ff7fdb90000 of 64 bytes failed: Only part of a ReadProcessMemory or WriteProcessMemory request was completed. (0x12B)
[0816/161247.272:WARNING:pe_image_reader.cc(340)] could not read dos header from C:\Program Files (x86)\Microsoft\Edge\Application\msedge.exe
[0816/161247.272:ERROR:process_memory_win.cc(73)] ReadMemory at 0x7ffc02d20000 of 64 bytes failed: Only part of a ReadProcessMemory or WriteProcessMemory request was completed. (0x12B)
[0816/161247.272:WARNING:pe_image_reader.cc(340)] could not read dos header from C:\WINDOWS\SYSTEM32\ntdll.dll
[0816/161247.272:ERROR:process_memory_win.cc(73)] ReadMemory at 0x7ffc02ae0000 of 64 bytes failed: Only part of a ReadProcessMemory or WriteProcessMemory request was completed. (0x12B)
[0816/161247.272:WARNING:pe_image_reader.cc(340)] could not read dos header from C:\WINDOWS\System32\KERNEL32.DLL
[0816/161247.272:ERROR:process_memory_win.cc(73)] ReadMemory at 0x7ffbffef0000 of 64 bytes failed: Only part of a ReadProcessMemory or WriteProcessMemory request was completed. (0x12B)
[0816/161247.272:WARNING:pe_image_reader.cc(340)] could not read dos header from C:\WINDOWS\System32\KERNELBASE.dll
[0816/161247.272:ERROR:process_memory_win.cc(73)] ReadMemory at 0x7ffbe09b0000 of 64 bytes failed: Only part of a ReadProcessMemory or WriteProcessMemory request was completed. (0x12B)
[0816/161247.272:WARNING:pe_image_reader.cc(340)] could not read dos header from C:\Program Files (x86)\Microsoft\Edge\Application\84.0.522.59\msedge_elf.dll
[0816/161247.272:ERROR:process_memory_win.cc(73)] ReadMemory at 0x7ffc00250000 of 64 bytes failed: Only part of a ReadProcessMemory or WriteProcessMemory request was completed. (0x12B)
[0816/161247.272:WARNING:pe_image_reader.cc(340)] could not read dos header from C:\WINDOWS\System32\bcryptPrimitives.dll
[0816/161247.272:ERROR:process_memory_win.cc(73)] ReadMemory at 0x7ffc010e0000 of 64 bytes failed: Only part of a ReadProcessMemory or WriteProcessMemory request was completed. (0x12B)
[0816/161247.272:WARNING:pe_image_reader.cc(340)] could not read dos header from C:\WINDOWS\System32\ADVAPI32.dll
[0816/161247.272:ERROR:process_memory_win.cc(73)] ReadMemory at 0x7ffc00eb0000 of 64 bytes failed: Only part of a ReadProcessMemory or WriteProcessMemory request was completed. (0x12B)
[0816/161247.272:WARNING:pe_image_reader.cc(340)] could not read dos header from C:\WINDOWS\System32\msvcrt.dll
[0816/161247.272:ERROR:process_memory_win.cc(73)] ReadMemory at 0x7ffc013f0000 of 64 bytes failed: Only part of a ReadProcessMemory or WriteProcessMemory request was completed. (0x12B)
[0816/161247.273:WARNING:pe_image_reader.cc(340)] could not read dos header from C:\WINDOWS\System32\sechost.dll
[0816/161247.273:ERROR:process_memory_win.cc(73)] ReadMemory at 0x7ffc012d0000 of 64 bytes failed: Only part of a ReadProcessMemory or WriteProcessMemory request was completed. (0x12B)
[0816/161247.273:WARNING:pe_image_reader.cc(340)] could not read dos header from C:\WINDOWS\System32\RPCRT4.dll
[0816/161247.273:ERROR:process_memory_win.cc(73)] ReadMemory at 0x7ffb8fd00000 of 64 bytes failed: Only part of a ReadProcessMemory or WriteProcessMemory request was completed. (0x12B)
[0816/161247.273:WARNING:pe_image_reader.cc(340)] could not read dos header from C:\Program Files (x86)\Microsoft\Edge\Application\84.0.522.59\msedge.dll
[0816/161247.273:ERROR:process_memory_win.cc(73)] ReadMemory at 0x7ffc01260000 of 64 bytes failed: Only part of a ReadProcessMemory or WriteProcessMemory request was completed. (0x12B)
[0816/161247.273:WARNING:pe_image_reader.cc(340)] could not read dos header from C:\WINDOWS\System32\WS2_32.dll
[0816/161247.273:ERROR:process_memory_win.cc(73)] ReadMemory at 0x7ffc00de0000 of 64 bytes failed: Only part of a ReadProcessMemory or WriteProcessMemory request was completed. (0x12B)
[0816/161247.273:WARNING:pe_image_reader.cc(340)] could not read dos header from C:\WINDOWS\System32\OLEAUT32.dll
[0816/161247.273:ERROR:process_memory_win.cc(73)] ReadMemory at 0x7ffc00520000 of 64 bytes failed: Only part of a ReadProcessMemory or WriteProcessMemory request was completed. (0x12B)
[0816/161247.273:WARNING:pe_image_reader.cc(340)] could not read dos header from C:\WINDOWS\System32\msvcp_win.dll
[0816/161247.273:ERROR:process_memory_win.cc(73)] ReadMemory at 0x7ffc002d0000 of 64 bytes failed: Only part of a ReadProcessMemory or WriteProcessMemory request was completed. (0x12B)
[0816/161247.273:WARNING:pe_image_reader.cc(340)] could not read dos header from C:\WINDOWS\System32\ucrtbase.dll
[0816/161247.273:ERROR:process_memory_win.cc(73)] ReadMemory at 0x7ffc01e20000 of 64 bytes failed: Only part of a ReadProcessMemory or WriteProcessMemory request was completed. (0x12B)
[0816/161247.273:WARNING:pe_image_reader.cc(340)] could not read dos header from C:\WINDOWS\System32\combase.dll
[0816/161247.273:ERROR:process_memory_win.cc(73)] ReadMemory at 0x7ffc001a0000 of 64 bytes failed: Only part of a ReadProcessMemory or WriteProcessMemory request was completed. (0x12B)
[0816/161247.273:WARNING:pe_image_reader.cc(340)] could not read dos header from C:\WINDOWS\System32\WINTRUST.dll
[0816/161247.273:ERROR:process_memory_win.cc(73)] ReadMemory at 0x7ffbffc80000 of 64 bytes failed: Only part of a ReadProcessMemory or WriteProcessMemory request was completed. (0x12B)
[0816/161247.273:WARNING:pe_image_reader.cc(340)] could not read dos header from C:\WINDOWS\System32\MSASN1.dll
[0816/161247.273:ERROR:process_memory_win.cc(73)] ReadMemory at 0x7ffc003d0000 of 64 bytes failed: Only part of a ReadProcessMemory or WriteProcessMemory request was completed. (0x12B)
[0816/161247.273:WARNING:pe_image_reader.cc(340)] could not read dos header from C:\WINDOWS\System32\CRYPT32.dll
[0816/161247.274:ERROR:process_memory_win.cc(73)] ReadMemory at 0x7ffbff140000 of 64 bytes failed: Only part of a ReadProcessMemory or WriteProcessMemory request was completed. (0x12B)
[0816/161247.274:WARNING:pe_image_reader.cc(340)] could not read dos header from C:\WINDOWS\SYSTEM32\IPHLPAPI.DLL
[0816/161247.274:ERROR:process_memory_win.cc(73)] ReadMemory at 0x7ffbfc960000 of 64 bytes failed: Only part of a ReadProcessMemory or WriteProcessMemory request was completed. (0x12B)
[0816/161247.274:WARNING:pe_image_reader.cc(340)] could not read dos header from C:\WINDOWS\SYSTEM32\WINMM.dll
[0816/161247.274:ERROR:process_memory_win.cc(73)] ReadMemory at 0x7ffbead50000 of 64 bytes failed: Only part of a ReadProcessMemory or WriteProcessMemory request was completed. (0x12B)
[0816/161247.274:WARNING:pe_image_reader.cc(340)] could not read dos header from C:\WINDOWS\SYSTEM32\Secur32.dll
[0816/161247.274:ERROR:process_memory_win.cc(73)] ReadMemory at 0x7ffbffaf0000 of 64 bytes failed: Only part of a ReadProcessMemory or WriteProcessMemory request was completed. (0x12B)
[0816/161247.274:WARNING:pe_image_reader.cc(340)] could not read dos header from C:\WINDOWS\SYSTEM32\USERENV.dll
[0816/161247.274:ERROR:process_memory_win.cc(73)] ReadMemory at 0x7ffbffc30000 of 64 bytes failed: Only part of a ReadProcessMemory or WriteProcessMemory request was completed. (0x12B)
[0816/161247.274:WARNING:pe_image_reader.cc(340)] could not read dos header from C:\WINDOWS\System32\profapi.dll
[0816/161247.274:ERROR:process_memory_win.cc(73)] ReadMemory at 0x7ffbf15b0000 of 64 bytes failed: Only part of a ReadProcessMemory or WriteProcessMemory request was completed. (0x12B)
[0816/161247.274:WARNING:pe_image_reader.cc(340)] could not read dos header from C:\WINDOWS\SYSTEM32\UIAutomationCore.DLL
[0816/161247.274:ERROR:process_memory_win.cc(73)] ReadMemory at 0x7ffbebe10000 of 64 bytes failed: Only part of a ReadProcessMemory or WriteProcessMemory request was completed. (0x12B)
[0816/161247.274:WARNING:pe_image_reader.cc(340)] could not read dos header from C:\WINDOWS\SYSTEM32\WINHTTP.dll
[0816/161247.274:ERROR:process_memory_win.cc(73)] ReadMemory at 0x7ffbed190000 of 64 bytes failed: Only part of a ReadProcessMemory or WriteProcessMemory request was completed. (0x12B)
[0816/161247.274:WARNING:pe_image_reader.cc(340)] could not read dos header from C:\WINDOWS\SYSTEM32\DWrite.dll
[0816/161247.274:ERROR:process_memory_win.cc(73)] ReadMemory at 0x7ffbf2b10000 of 64 bytes failed: Only part of a ReadProcessMemory or WriteProcessMemory request was completed. (0x12B)
[0816/161247.274:WARNING:pe_image_reader.cc(340)] could not read dos header from C:\WINDOWS\SYSTEM32\WINSPOOL.DRV
[0816/161247.274:ERROR:process_memory_win.cc(73)] ReadMemory at 0x7ffbffc60000 of 64 bytes failed: Only part of a ReadProcessMemory or WriteProcessMemory request was completed. (0x12B)
[0816/161247.274:WARNING:pe_image_reader.cc(340)] could not read dos header from C:\WINDOWS\System32\kernel.appcore.dll
[0816/161247.274:ERROR:process_memory_win.cc(73)] ReadMemory at 0x7ffc00200000 of 64 bytes failed: Only part of a ReadProcessMemory or WriteProcessMemory request was completed. (0x12B)
[0816/161247.275:WARNING:pe_image_reader.cc(340)] could not read dos header from C:\WINDOWS\System32\bcrypt.dll
[0816/161247.275:ERROR:process_memory_win.cc(73)] ReadMemory at 0x7ffbe57b0000 of 64 bytes failed: Only part of a ReadProcessMemory or WriteProcessMemory request was completed. (0x12B)
[0816/161247.275:WARNING:pe_image_reader.cc(340)] could not read dos header from C:\WINDOWS\SYSTEM32\dbghelp.dll
[0816/161247.275:ERROR:process_memory_win.cc(73)] ReadMemory at 0x7ffbff700000 of 64 bytes failed: Only part of a ReadProcessMemory or WriteProcessMemory request was completed. (0x12B)
[0816/161247.275:WARNING:pe_image_reader.cc(340)] could not read dos header from C:\WINDOWS\SYSTEM32\ncrypt.dll
[0816/161247.275:ERROR:process_memory_win.cc(73)] ReadMemory at 0x7ffbf4de0000 of 64 bytes failed: Only part of a ReadProcessMemory or WriteProcessMemory request was completed. (0x12B)
[0816/161247.275:WARNING:pe_image_reader.cc(340)] could not read dos header from C:\WINDOWS\SYSTEM32\dhcpcsvc.DLL
[0816/161247.275:ERROR:process_memory_win.cc(73)] ReadMemory at 0x7ffc00dd0000 of 64 bytes failed: Only part of a ReadProcessMemory or WriteProcessMemory request was completed. (0x12B)
[0816/161247.275:WARNING:pe_image_reader.cc(340)] could not read dos header from C:\WINDOWS\System32\NSI.dll
[0816/161247.275:ERROR:process_memory_win.cc(73)] ReadMemory at 0x7ffbfc930000 of 64 bytes failed: Only part of a ReadProcessMemory or WriteProcessMemory request was completed. (0x12B)
[0816/161247.275:WARNING:pe_image_reader.cc(340)] could not read dos header from C:\WINDOWS\SYSTEM32\WINMMBASE.dll
[0816/161247.275:ERROR:process_memory_win.cc(73)] ReadMemory at 0x7ffc005c0000 of 64 bytes failed: Only part of a ReadProcessMemory or WriteProcessMemory request was completed. (0x12B)
[0816/161247.275:WARNING:pe_image_reader.cc(340)] could not read dos header from C:\WINDOWS\System32\cfgmgr32.dll
[0816/161247.275:ERROR:process_memory_win.cc(73)] ReadMemory at 0x7ffbfc550000 of 64 bytes failed: Only part of a ReadProcessMemory or WriteProcessMemory request was completed. (0x12B)
[0816/161247.275:WARNING:pe_image_reader.cc(340)] could not read dos header from C:\WINDOWS\SYSTEM32\PROPSYS.dll
[0816/161247.275:ERROR:process_memory_win.cc(73)] ReadMemory at 0x7ffc011b0000 of 64 bytes failed: Only part of a ReadProcessMemory or WriteProcessMemory request was completed. (0x12B)
[0816/161247.275:WARNING:pe_image_reader.cc(340)] could not read dos header from C:\WINDOWS\System32\shcore.dll
[0816/161247.275:ERROR:process_memory_win.cc(73)] ReadMemory at 0x7ffbff6c0000 of 64 bytes failed: Only part of a ReadProcessMemory or WriteProcessMemory request was completed. (0x12B)
[0816/161247.275:WARNING:pe_image_reader.cc(340)] could not read dos header from C:\WINDOWS\SYSTEM32\NTASN1.dll
[0816/161247.275:ERROR:process_memory_win.cc(73)] ReadMemory at 0x7ffbffac0000 of 64 bytes failed: Only part of a ReadProcessMemory or WriteProcessMemory request was completed. (0x12B)
[0816/161247.275:WARNING:pe_image_reader.cc(340)] could not read dos header from C:\WINDOWS\SYSTEM32\SSPICLI.DLL
[0816/161247.276:ERROR:process_memory_win.cc(73)] ReadMemory at 0x7ffbff600000 of 64 bytes failed: Only part of a ReadProcessMemory or WriteProcessMemory request was completed. (0x12B)
[0816/161247.276:WARNING:pe_image_reader.cc(340)] could not read dos header from C:\WINDOWS\SYSTEM32\CRYPTBASE.DLL
[0816/161247.280:ERROR:process_memory_win.cc(73)] ReadMemory at 0x7ff7fdb90000 of 64 bytes failed: Only part of a ReadProcessMemory or WriteProcessMemory request was completed. (0x12B)
[0816/161247.280:WARNING:pe_image_reader.cc(340)] could not read dos header from C:\Program Files (x86)\Microsoft\Edge\Application\msedge.exe
[0816/161247.280:ERROR:process_memory_win.cc(73)] ReadMemory at 0x7ffc02d20000 of 64 bytes failed: Only part of a ReadProcessMemory or WriteProcessMemory request was completed. (0x12B)
[0816/161247.280:WARNING:pe_image_reader.cc(340)] could not read dos header from C:\WINDOWS\SYSTEM32\ntdll.dll
[0816/161247.280:ERROR:process_memory_win.cc(73)] ReadMemory at 0x7ffc02ae0000 of 64 bytes failed: Only part of a ReadProcessMemory or WriteProcessMemory request was completed. (0x12B)
[0816/161247.280:WARNING:pe_image_reader.cc(340)] could not read dos header from C:\WINDOWS\System32\KERNEL32.DLL
[0816/161247.280:ERROR:process_memory_win.cc(73)] ReadMemory at 0x7ffbffef0000 of 64 bytes failed: Only part of a ReadProcessMemory or WriteProcessMemory request was completed. (0x12B)
[0816/161247.280:WARNING:pe_image_reader.cc(340)] could not read dos header from C:\WINDOWS\System32\KERNELBASE.dll
[0816/161247.281:ERROR:process_memory_win.cc(73)] ReadMemory at 0x7ffbe09b0000 of 64 bytes failed: Only part of a ReadProcessMemory or WriteProcessMemory request was completed. (0x12B)
[0816/161247.281:WARNING:pe_image_reader.cc(340)] could not read dos header from C:\Program Files (x86)\Microsoft\Edge\Application\84.0.522.59\msedge_elf.dll
[0816/161247.281:ERROR:process_memory_win.cc(73)] ReadMemory at 0x7ffc00250000 of 64 bytes failed: Only part of a ReadProcessMemory or WriteProcessMemory request was completed. (0x12B)
[0816/161247.281:WARNING:pe_image_reader.cc(340)] could not read dos header from C:\WINDOWS\System32\bcryptPrimitives.dll
[0816/161247.281:ERROR:process_memory_win.cc(73)] ReadMemory at 0x7ffc010e0000 of 64 bytes failed: Only part of a ReadProcessMemory or WriteProcessMemory request was completed. (0x12B)
[0816/161247.281:WARNING:pe_image_reader.cc(340)] could not read dos header from C:\WINDOWS\System32\ADVAPI32.dll
[0816/161247.281:ERROR:process_memory_win.cc(73)] ReadMemory at 0x7ffc00eb0000 of 64 bytes failed: Only part of a ReadProcessMemory or WriteProcessMemory request was completed. (0x12B)
[0816/161247.281:WARNING:pe_image_reader.cc(340)] could not read dos header from C:\WINDOWS\System32\msvcrt.dll
[0816/161247.281:ERROR:process_memory_win.cc(73)] ReadMemory at 0x7ffc013f0000 of 64 bytes failed: Only part of a ReadProcessMemory or WriteProcessMemory request was completed. (0x12B)
[0816/161247.281:WARNING:pe_image_reader.cc(340)] could not read dos header from C:\WINDOWS\System32\sechost.dll
[0816/161247.281:ERROR:process_memory_win.cc(73)] ReadMemory at 0x7ffc012d0000 of 64 bytes failed: Only part of a ReadProcessMemory or WriteProcessMemory request was completed. (0x12B)
[0816/161247.281:WARNING:pe_image_reader.cc(340)] could not read dos header from C:\WINDOWS\System32\RPCRT4.dll
[0816/161247.281:ERROR:process_memory_win.cc(73)] ReadMemory at 0x7ffb8fd00000 of 64 bytes failed: Only part of a ReadProcessMemory or WriteProcessMemory request was completed. (0x12B)
[0816/161247.281:WARNING:pe_image_reader.cc(340)] could not read dos header from C:\Program Files (x86)\Microsoft\Edge\Application\84.0.522.59\msedge.dll
[0816/161247.281:ERROR:process_memory_win.cc(73)] ReadMemory at 0x7ffc01260000 of 64 bytes failed: Only part of a ReadProcessMemory or WriteProcessMemory request was completed. (0x12B)
[0816/161247.281:WARNING:pe_image_reader.cc(340)] could not read dos header from C:\WINDOWS\System32\WS2_32.dll
[0816/161247.281:ERROR:process_memory_win.cc(73)] ReadMemory at 0x7ffc00de0000 of 64 bytes failed: Only part of a ReadProcessMemory or WriteProcessMemory request was completed. (0x12B)
[0816/161247.281:WARNING:pe_image_reader.cc(340)] could not read dos header from C:\WINDOWS\System32\OLEAUT32.dll
[0816/161247.282:ERROR:process_memory_win.cc(73)] ReadMemory at 0x7ffc00520000 of 64 bytes failed: Only part of a ReadProcessMemory or WriteProcessMemory request was completed. (0x12B)
[0816/161247.282:WARNING:pe_image_reader.cc(340)] could not read dos header from C:\WINDOWS\System32\msvcp_win.dll
[0816/161247.282:ERROR:process_memory_win.cc(73)] ReadMemory at 0x7ffc002d0000 of 64 bytes failed: Only part of a ReadProcessMemory or WriteProcessMemory request was completed. (0x12B)
[0816/161247.282:WARNING:pe_image_reader.cc(340)] could not read dos header from C:\WINDOWS\System32\ucrtbase.dll
[0816/161247.282:ERROR:process_memory_win.cc(73)] ReadMemory at 0x7ffc01e20000 of 64 bytes failed: Only part of a ReadProcessMemory or WriteProcessMemory request was completed. (0x12B)
[0816/161247.282:WARNING:pe_image_reader.cc(340)] could not read dos header from C:\WINDOWS\System32\combase.dll
[0816/161247.282:ERROR:process_memory_win.cc(73)] ReadMemory at 0x7ffc001a0000 of 64 bytes failed: Only part of a ReadProcessMemory or WriteProcessMemory request was completed. (0x12B)
[0816/161247.282:WARNING:pe_image_reader.cc(340)] could not read dos header from C:\WINDOWS\System32\WINTRUST.dll
[0816/161247.282:ERROR:process_memory_win.cc(73)] ReadMemory at 0x7ffbffc80000 of 64 bytes failed: Only part of a ReadProcessMemory or WriteProcessMemory request was completed. (0x12B)
[0816/161247.282:WARNING:pe_image_reader.cc(340)] could not read dos header from C:\WINDOWS\System32\MSASN1.dll
[0816/161247.282:ERROR:process_memory_win.cc(73)] ReadMemory at 0x7ffc003d0000 of 64 bytes failed: Only part of a ReadProcessMemory or WriteProcessMemory request was completed. (0x12B)
[0816/161247.282:WARNING:pe_image_reader.cc(340)] could not read dos header from C:\WINDOWS\System32\CRYPT32.dll
[0816/161247.282:ERROR:process_memory_win.cc(73)] ReadMemory at 0x7ffbff140000 of 64 bytes failed: Only part of a ReadProcessMemory or WriteProcessMemory request was completed. (0x12B)
[0816/161247.282:WARNING:pe_image_reader.cc(340)] could not read dos header from C:\WINDOWS\SYSTEM32\IPHLPAPI.DLL
[0816/161247.282:ERROR:process_memory_win.cc(73)] ReadMemory at 0x7ffbfc960000 of 64 bytes failed: Only part of a ReadProcessMemory or WriteProcessMemory request was completed. (0x12B)
[0816/161247.282:WARNING:pe_image_reader.cc(340)] could not read dos header from C:\WINDOWS\SYSTEM32\WINMM.dll
[0816/161247.282:ERROR:process_memory_win.cc(73)] ReadMemory at 0x7ffbead50000 of 64 bytes failed: Only part of a ReadProcessMemory or WriteProcessMemory request was completed. (0x12B)
[0816/161247.282:WARNING:pe_image_reader.cc(340)] could not read dos header from C:\WINDOWS\SYSTEM32\Secur32.dll
[0816/161247.282:ERROR:process_memory_win.cc(73)] ReadMemory at 0x7ffbffaf0000 of 64 bytes failed: Only part of a ReadProcessMemory or WriteProcessMemory request was completed. (0x12B)
[0816/161247.282:WARNING:pe_image_reader.cc(340)] could not read dos header from C:\WINDOWS\SYSTEM32\USERENV.dll
[0816/161247.282:ERROR:process_memory_win.cc(73)] ReadMemory at 0x7ffbffc30000 of 64 bytes failed: Only part of a ReadProcessMemory or WriteProcessMemory request was completed. (0x12B)
[0816/161247.282:WARNING:pe_image_reader.cc(340)] could not read dos header from C:\WINDOWS\System32\profapi.dll
[0816/161247.283:ERROR:process_memory_win.cc(73)] ReadMemory at 0x7ffbf15b0000 of 64 bytes failed: Only part of a ReadProcessMemory or WriteProcessMemory request was completed. (0x12B)
[0816/161247.283:WARNING:pe_image_reader.cc(340)] could not read dos header from C:\WINDOWS\SYSTEM32\UIAutomationCore.DLL
[0816/161247.283:ERROR:process_memory_win.cc(73)] ReadMemory at 0x7ffbebe10000 of 64 bytes failed: Only part of a ReadProcessMemory or WriteProcessMemory request was completed. (0x12B)
[0816/161247.283:WARNING:pe_image_reader.cc(340)] could not read dos header from C:\WINDOWS\SYSTEM32\WINHTTP.dll
[0816/161247.283:ERROR:process_memory_win.cc(73)] ReadMemory at 0x7ffbed190000 of 64 bytes failed: Only part of a ReadProcessMemory or WriteProcessMemory request was completed. (0x12B)
[0816/161247.283:WARNING:pe_image_reader.cc(340)] could not read dos header from C:\WINDOWS\SYSTEM32\DWrite.dll
[0816/161247.283:ERROR:process_memory_win.cc(73)] ReadMemory at 0x7ffbf2b10000 of 64 bytes failed: Only part of a ReadProcessMemory or WriteProcessMemory request was completed. (0x12B)
[0816/161247.283:WARNING:pe_image_reader.cc(340)] could not read dos header from C:\WINDOWS\SYSTEM32\WINSPOOL.DRV
[0816/161247.283:ERROR:process_memory_win.cc(73)] ReadMemory at 0x7ffbffc60000 of 64 bytes failed: Only part of a ReadProcessMemory or WriteProcessMemory request was completed. (0x12B)
[0816/161247.283:WARNING:pe_image_reader.cc(340)] could not read dos header from C:\WINDOWS\System32\kernel.appcore.dll
[0816/161247.283:ERROR:process_memory_win.cc(73)] ReadMemory at 0x7ffc00200000 of 64 bytes failed: Only part of a ReadProcessMemory or WriteProcessMemory request was completed. (0x12B)
[0816/161247.283:WARNING:pe_image_reader.cc(340)] could not read dos header from C:\WINDOWS\System32\bcrypt.dll
[0816/161247.283:ERROR:process_memory_win.cc(73)] ReadMemory at 0x7ffbe57b0000 of 64 bytes failed: Only part of a ReadProcessMemory or WriteProcessMemory request was completed. (0x12B)
[0816/161247.283:WARNING:pe_image_reader.cc(340)] could not read dos header from C:\WINDOWS\SYSTEM32\dbghelp.dll
[0816/161247.283:ERROR:process_memory_win.cc(73)] ReadMemory at 0x7ffbff700000 of 64 bytes failed: Only part of a ReadProcessMemory or WriteProcessMemory request was completed. (0x12B)
[0816/161247.283:WARNING:pe_image_reader.cc(340)] could not read dos header from C:\WINDOWS\SYSTEM32\ncrypt.dll
[0816/161247.283:ERROR:process_memory_win.cc(73)] ReadMemory at 0x7ffbf4de0000 of 64 bytes failed: Only part of a ReadProcessMemory or WriteProcessMemory request was completed. (0x12B)
[0816/161247.283:WARNING:pe_image_reader.cc(340)] could not read dos header from C:\WINDOWS\SYSTEM32\dhcpcsvc.DLL
[0816/161247.283:ERROR:process_memory_win.cc(73)] ReadMemory at 0x7ffc00dd0000 of 64 bytes failed: Only part of a ReadProcessMemory or WriteProcessMemory request was completed. (0x12B)
[0816/161247.283:WARNING:pe_image_reader.cc(340)] could not read dos header from C:\WINDOWS\System32\NSI.dll
[0816/161247.284:ERROR:process_memory_win.cc(73)] ReadMemory at 0x7ffbfc930000 of 64 bytes failed: Only part of a ReadProcessMemory or WriteProcessMemory request was completed. (0x12B)
[0816/161247.284:WARNING:pe_image_reader.cc(340)] could not read dos header from C:\WINDOWS\SYSTEM32\WINMMBASE.dll
[0816/161247.284:ERROR:process_memory_win.cc(73)] ReadMemory at 0x7ffc005c0000 of 64 bytes failed: Only part of a ReadProcessMemory or WriteProcessMemory request was completed. (0x12B)
[0816/161247.284:WARNING:pe_image_reader.cc(340)] could not read dos header from C:\WINDOWS\System32\cfgmgr32.dll
[0816/161247.284:ERROR:process_memory_win.cc(73)] ReadMemory at 0x7ffbfc550000 of 64 bytes failed: Only part of a ReadProcessMemory or WriteProcessMemory request was completed. (0x12B)
[0816/161247.284:WARNING:pe_image_reader.cc(340)] could not read dos header from C:\WINDOWS\SYSTEM32\PROPSYS.dll
[0816/161247.284:ERROR:process_memory_win.cc(73)] ReadMemory at 0x7ffc011b0000 of 64 bytes failed: Only part of a ReadProcessMemory or WriteProcessMemory request was completed. (0x12B)
[0816/161247.284:WARNING:pe_image_reader.cc(340)] could not read dos header from C:\WINDOWS\System32\shcore.dll
[0816/161247.284:ERROR:process_memory_win.cc(73)] ReadMemory at 0x7ffbff6c0000 of 64 bytes failed: Only part of a ReadProcessMemory or WriteProcessMemory request was completed. (0x12B)
[0816/161247.284:WARNING:pe_image_reader.cc(340)] could not read dos header from C:\WINDOWS\SYSTEM32\NTASN1.dll
[0816/161247.284:ERROR:process_memory_win.cc(73)] ReadMemory at 0x7ffbffac0000 of 64 bytes failed: Only part of a ReadProcessMemory or WriteProcessMemory request was completed. (0x12B)
[0816/161247.284:WARNING:pe_image_reader.cc(340)] could not read dos header from C:\WINDOWS\SYSTEM32\SSPICLI.DLL
[0816/161247.284:ERROR:process_memory_win.cc(73)] ReadMemory at 0x7ffbff600000 of 64 bytes failed: Only part of a ReadProcessMemory or WriteProcessMemory request was completed. (0x12B)
[0816/161247.284:WARNING:pe_image_reader.cc(340)] could not read dos header from C:\WINDOWS\SYSTEM32\CRYPTBASE.DLL
[0816/161247.284:ERROR:process_memory_win.cc(73)] ReadMemory at 0x7ff7fdb90000 of 64 bytes failed: Only part of a ReadProcessMemory or WriteProcessMemory request was completed. (0x12B)
[0816/161247.284:WARNING:pe_image_reader.cc(340)] could not read dos header from C:\Program Files (x86)\Microsoft\Edge\Application\msedge.exe
[0816/161247.284:ERROR:process_memory_win.cc(73)] ReadMemory at 0x7ffc02d20000 of 64 bytes failed: Only part of a ReadProcessMemory or WriteProcessMemory request was completed. (0x12B)
[0816/161247.284:WARNING:pe_image_reader.cc(340)] could not read dos header from C:\WINDOWS\SYSTEM32\ntdll.dll
[0816/161247.284:ERROR:process_memory_win.cc(73)] ReadMemory at 0x7ffc02ae0000 of 64 bytes failed: Only part of a ReadProcessMemory or WriteProcessMemory request was completed. (0x12B)
[0816/161247.284:WARNING:pe_image_reader.cc(340)] could not read dos header from C:\WINDOWS\System32\KERNEL32.DLL
[0816/161247.284:ERROR:process_memory_win.cc(73)] ReadMemory at 0x7ffbffef0000 of 64 bytes failed: Only part of a ReadProcessMemory or WriteProcessMemory request was completed. (0x12B)
[0816/161247.284:WARNING:pe_image_reader.cc(340)] could not read dos header from C:\WINDOWS\System32\KERNELBASE.dll
[0816/161247.285:ERROR:process_memory_win.cc(73)] ReadMemory at 0x7ffbe09b0000 of 64 bytes failed: Only part of a ReadProcessMemory or WriteProcessMemory request was completed. (0x12B)
[0816/161247.285:WARNING:pe_image_reader.cc(340)] could not read dos header from C:\Program Files (x86)\Microsoft\Edge\Application\84.0.522.59\msedge_elf.dll
[0816/161247.285:ERROR:process_memory_win.cc(73)] ReadMemory at 0x7ffc00250000 of 64 bytes failed: Only part of a ReadProcessMemory or WriteProcessMemory request was completed. (0x12B)
[0816/161247.285:WARNING:pe_image_reader.cc(340)] could not read dos header from C:\WINDOWS\System32\bcryptPrimitives.dll
[0816/161247.285:ERROR:process_memory_win.cc(73)] ReadMemory at 0x7ffc010e0000 of 64 bytes failed: Only part of a ReadProcessMemory or WriteProcessMemory request was completed. (0x12B)
[0816/161247.285:WARNING:pe_image_reader.cc(340)] could not read dos header from C:\WINDOWS\System32\ADVAPI32.dll
[0816/161247.285:ERROR:process_memory_win.cc(73)] ReadMemory at 0x7ffc00eb0000 of 64 bytes failed: Only part of a ReadProcessMemory or WriteProcessMemory request was completed. (0x12B)
[0816/161247.285:WARNING:pe_image_reader.cc(340)] could not read dos header from C:\WINDOWS\System32\msvcrt.dll
[0816/161247.285:ERROR:process_memory_win.cc(73)] ReadMemory at 0x7ffc013f0000 of 64 bytes failed: Only part of a ReadProcessMemory or WriteProcessMemory request was completed. (0x12B)
[0816/161247.285:WARNING:pe_image_reader.cc(340)] could not read dos header from C:\WINDOWS\System32\sechost.dll
[0816/161247.285:ERROR:process_memory_win.cc(73)] ReadMemory at 0x7ffc012d0000 of 64 bytes failed: Only part of a ReadProcessMemory or WriteProcessMemory request was completed. (0x12B)
[0816/161247.285:WARNING:pe_image_reader.cc(340)] could not read dos header from C:\WINDOWS\System32\RPCRT4.dll
[0816/161247.285:ERROR:process_memory_win.cc(73)] ReadMemory at 0x7ffb8fd00000 of 64 bytes failed: Only part of a ReadProcessMemory or WriteProcessMemory request was completed. (0x12B)
[0816/161247.285:WARNING:pe_image_reader.cc(340)] could not read dos header from C:\Program Files (x86)\Microsoft\Edge\Application\84.0.522.59\msedge.dll
[0816/161247.285:ERROR:process_memory_win.cc(73)] ReadMemory at 0x7ffc01260000 of 64 bytes failed: Only part of a ReadProcessMemory or WriteProcessMemory request was completed. (0x12B)
[0816/161247.285:WARNING:pe_image_reader.cc(340)] could not read dos header from C:\WINDOWS\System32\WS2_32.dll
[0816/161247.285:ERROR:process_memory_win.cc(73)] ReadMemory at 0x7ffc00de0000 of 64 bytes failed: Only part of a ReadProcessMemory or WriteProcessMemory request was completed. (0x12B)
[0816/161247.285:WARNING:pe_image_reader.cc(340)] could not read dos header from C:\WINDOWS\System32\OLEAUT32.dll
[0816/161247.285:ERROR:process_memory_win.cc(73)] ReadMemory at 0x7ffc00520000 of 64 bytes failed: Only part of a ReadProcessMemory or WriteProcessMemory request was completed. (0x12B)
[0816/161247.285:WARNING:pe_image_reader.cc(340)] could not read dos header from C:\WINDOWS\System32\msvcp_win.dll
[0816/161247.285:ERROR:process_memory_win.cc(73)] ReadMemory at 0x7ffc002d0000 of 64 bytes failed: Only part of a ReadProcessMemory or WriteProcessMemory request was completed. (0x12B)
[0816/161247.286:WARNING:pe_image_reader.cc(340)] could not read dos header from C:\WINDOWS\System32\ucrtbase.dll
[0816/161247.286:ERROR:process_memory_win.cc(73)] ReadMemory at 0x7ffc01e20000 of 64 bytes failed: Only part of a ReadProcessMemory or WriteProcessMemory request was completed. (0x12B)
[0816/161247.286:WARNING:pe_image_reader.cc(340)] could not read dos header from C:\WINDOWS\System32\combase.dll
[0816/161247.286:ERROR:process_memory_win.cc(73)] ReadMemory at 0x7ffc001a0000 of 64 bytes failed: Only part of a ReadProcessMemory or WriteProcessMemory request was completed. (0x12B)
[0816/161247.286:WARNING:pe_image_reader.cc(340)] could not read dos header from C:\WINDOWS\System32\WINTRUST.dll
[0816/161247.286:ERROR:process_memory_win.cc(73)] ReadMemory at 0x7ffbffc80000 of 64 bytes failed: Only part of a ReadProcessMemory or WriteProcessMemory request was completed. (0x12B)
[0816/161247.286:WARNING:pe_image_reader.cc(340)] could not read dos header from C:\WINDOWS\System32\MSASN1.dll
[0816/161247.286:ERROR:process_memory_win.cc(73)] ReadMemory at 0x7ffc003d0000 of 64 bytes failed: Only part of a ReadProcessMemory or WriteProcessMemory request was completed. (0x12B)
[0816/161247.286:WARNING:pe_image_reader.cc(340)] could not read dos header from C:\WINDOWS\System32\CRYPT32.dll
[0816/161247.286:ERROR:process_memory_win.cc(73)] ReadMemory at 0x7ffbff140000 of 64 bytes failed: Only part of a ReadProcessMemory or WriteProcessMemory request was completed. (0x12B)
[0816/161247.286:WARNING:pe_image_reader.cc(340)] could not read dos header from C:\WINDOWS\SYSTEM32\IPHLPAPI.DLL
[0816/161247.286:ERROR:process_memory_win.cc(73)] ReadMemory at 0x7ffbfc960000 of 64 bytes failed: Only part of a ReadProcessMemory or WriteProcessMemory request was completed. (0x12B)
[0816/161247.286:WARNING:pe_image_reader.cc(340)] could not read dos header from C:\WINDOWS\SYSTEM32\WINMM.dll
[0816/161247.286:ERROR:process_memory_win.cc(73)] ReadMemory at 0x7ffbead50000 of 64 bytes failed: Only part of a ReadProcessMemory or WriteProcessMemory request was completed. (0x12B)
[0816/161247.286:WARNING:pe_image_reader.cc(340)] could not read dos header from C:\WINDOWS\SYSTEM32\Secur32.dll
[0816/161247.286:ERROR:process_memory_win.cc(73)] ReadMemory at 0x7ffbffaf0000 of 64 bytes failed: Only part of a ReadProcessMemory or WriteProcessMemory request was completed. (0x12B)
[0816/161247.286:WARNING:pe_image_reader.cc(340)] could not read dos header from C:\WINDOWS\SYSTEM32\USERENV.dll
[0816/161247.286:ERROR:process_memory_win.cc(73)] ReadMemory at 0x7ffbffc30000 of 64 bytes failed: Only part of a ReadProcessMemory or WriteProcessMemory request was completed. (0x12B)
[0816/161247.286:WARNING:pe_image_reader.cc(340)] could not read dos header from C:\WINDOWS\System32\profapi.dll
[0816/161247.286:ERROR:process_memory_win.cc(73)] ReadMemory at 0x7ffbf15b0000 of 64 bytes failed: Only part of a ReadProcessMemory or WriteProcessMemory request was completed. (0x12B)
[0816/161247.286:WARNING:pe_image_reader.cc(340)] could not read dos header from C:\WINDOWS\SYSTEM32\UIAutomationCore.DLL
[0816/161247.287:ERROR:process_memory_win.cc(73)] ReadMemory at 0x7ffbebe10000 of 64 bytes failed: Only part of a ReadProcessMemory or WriteProcessMemory request was completed. (0x12B)
[0816/161247.287:WARNING:pe_image_reader.cc(340)] could not read dos header from C:\WINDOWS\SYSTEM32\WINHTTP.dll
[0816/161247.287:ERROR:process_memory_win.cc(73)] ReadMemory at 0x7ffbed190000 of 64 bytes failed: Only part of a ReadProcessMemory or WriteProcessMemory request was completed. (0x12B)
[0816/161247.287:WARNING:pe_image_reader.cc(340)] could not read dos header from C:\WINDOWS\SYSTEM32\DWrite.dll
[0816/161247.287:ERROR:process_memory_win.cc(73)] ReadMemory at 0x7ffbf2b10000 of 64 bytes failed: Only part of a ReadProcessMemory or WriteProcessMemory request was completed. (0x12B)
[0816/161247.287:WARNING:pe_image_reader.cc(340)] could not read dos header from C:\WINDOWS\SYSTEM32\WINSPOOL.DRV
[0816/161247.287:ERROR:process_memory_win.cc(73)] ReadMemory at 0x7ffbffc60000 of 64 bytes failed: Only part of a ReadProcessMemory or WriteProcessMemory request was completed. (0x12B)
[0816/161247.287:WARNING:pe_image_reader.cc(340)] could not read dos header from C:\WINDOWS\System32\kernel.appcore.dll
[0816/161247.287:ERROR:process_memory_win.cc(73)] ReadMemory at 0x7ffc00200000 of 64 bytes failed: Only part of a ReadProcessMemory or WriteProcessMemory request was completed. (0x12B)
[0816/161247.287:WARNING:pe_image_reader.cc(340)] could not read dos header from C:\WINDOWS\System32\bcrypt.dll
[0816/161247.287:ERROR:process_memory_win.cc(73)] ReadMemory at 0x7ffbe57b0000 of 64 bytes failed: Only part of a ReadProcessMemory or WriteProcessMemory request was completed. (0x12B)
[0816/161247.287:WARNING:pe_image_reader.cc(340)] could not read dos header from C:\WINDOWS\SYSTEM32\dbghelp.dll
[0816/161247.287:ERROR:process_memory_win.cc(73)] ReadMemory at 0x7ffbff700000 of 64 bytes failed: Only part of a ReadProcessMemory or WriteProcessMemory request was completed. (0x12B)
[0816/161247.287:WARNING:pe_image_reader.cc(340)] could not read dos header from C:\WINDOWS\SYSTEM32\ncrypt.dll
[0816/161247.287:ERROR:process_memory_win.cc(73)] ReadMemory at 0x7ffbf4de0000 of 64 bytes failed: Only part of a ReadProcessMemory or WriteProcessMemory request was completed. (0x12B)
[0816/161247.287:WARNING:pe_image_reader.cc(340)] could not read dos header from C:\WINDOWS\SYSTEM32\dhcpcsvc.DLL
[0816/161247.287:ERROR:process_memory_win.cc(73)] ReadMemory at 0x7ffc00dd0000 of 64 bytes failed: Only part of a ReadProcessMemory or WriteProcessMemory request was completed. (0x12B)
[0816/161247.287:WARNING:pe_image_reader.cc(340)] could not read dos header from C:\WINDOWS\System32\NSI.dll
[0816/161247.287:ERROR:process_memory_win.cc(73)] ReadMemory at 0x7ffbfc930000 of 64 bytes failed: Only part of a ReadProcessMemory or WriteProcessMemory request was completed. (0x12B)
[0816/161247.287:WARNING:pe_image_reader.cc(340)] could not read dos header from C:\WINDOWS\SYSTEM32\WINMMBASE.dll
[0816/161247.288:ERROR:process_memory_win.cc(73)] ReadMemory at 0x7ffc005c0000 of 64 bytes failed: Only part of a ReadProcessMemory or WriteProcessMemory request was completed. (0x12B)
[0816/161247.288:WARNING:pe_image_reader.cc(340)] could not read dos header from C:\WINDOWS\System32\cfgmgr32.dll
[0816/161247.288:ERROR:process_memory_win.cc(73)] ReadMemory at 0x7ffbfc550000 of 64 bytes failed: Only part of a ReadProcessMemory or WriteProcessMemory request was completed. (0x12B)
[0816/161247.288:WARNING:pe_image_reader.cc(340)] could not read dos header from C:\WINDOWS\SYSTEM32\PROPSYS.dll
[0816/161247.288:ERROR:process_memory_win.cc(73)] ReadMemory at 0x7ffc011b0000 of 64 bytes failed: Only part of a ReadProcessMemory or WriteProcessMemory request was completed. (0x12B)
[0816/161247.288:WARNING:pe_image_reader.cc(340)] could not read dos header from C:\WINDOWS\System32\shcore.dll
[0816/161247.288:ERROR:process_memory_win.cc(73)] ReadMemory at 0x7ffbff6c0000 of 64 bytes failed: Only part of a ReadProcessMemory or WriteProcessMemory request was completed. (0x12B)
[0816/161247.288:WARNING:pe_image_reader.cc(340)] could not read dos header from C:\WINDOWS\SYSTEM32\NTASN1.dll
[0816/161247.288:ERROR:process_memory_win.cc(73)] ReadMemory at 0x7ffbffac0000 of 64 bytes failed: Only part of a ReadProcessMemory or WriteProcessMemory request was completed. (0x12B)
[0816/161247.288:WARNING:pe_image_reader.cc(340)] could not read dos header from C:\WINDOWS\SYSTEM32\SSPICLI.DLL
[0816/161247.288:ERROR:process_memory_win.cc(73)] ReadMemory at 0x7ffbff600000 of 64 bytes failed: Only part of a ReadProcessMemory or WriteProcessMemory request was completed. (0x12B)
[0816/161247.288:WARNING:pe_image_reader.cc(340)] could not read dos header from C:\WINDOWS\SYSTEM32\CRYPTBASE.DLL
[0816/161247.296:ERROR:process_memory_win.cc(73)] ReadMemory at 0xf654be8000 of 98304 bytes failed: Only part of a ReadProcessMemory or WriteProcessMemory request was completed. (0x12B)
[0816/161247.296:ERROR:process_memory_win.cc(73)] ReadMemory at 0xf6553fe000 of 8192 bytes failed: Only part of a ReadProcessMemory or WriteProcessMemory request was completed. (0x12B)
[0816/161247.296:ERROR:process_memory_win.cc(73)] ReadMemory at 0xf655bfd000 of 12288 bytes failed: Only part of a ReadProcessMemory or WriteProcessMemory request was completed. (0x12B)
[0816/161247.296:ERROR:process_memory_win.cc(73)] ReadMemory at 0xf6563fc000 of 16384 bytes failed: Only part of a ReadProcessMemory or WriteProcessMemory request was completed. (0x12B)
[0816/161247.296:ERROR:process_memory_win.cc(73)] ReadMemory at 0xf656bfd000 of 12288 bytes failed: Only part of a ReadProcessMemory or WriteProcessMemory request was completed. (0x12B)
[0816/161247.296:ERROR:process_memory_win.cc(73)] ReadMemory at 0xf6573fc000 of 16384 bytes failed: Only part of a ReadProcessMemory or WriteProcessMemory request was completed. (0x12B)
[0816/161247.296:ERROR:process_memory_win.cc(73)] ReadMemory at 0xf657bfd000 of 12288 bytes failed: Only part of a ReadProcessMemory or WriteProcessMemory request was completed. (0x12B)
[0816/161247.296:ERROR:process_memory_win.cc(73)] ReadMemory at 0xf6583fb000 of 20480 bytes failed: Only part of a ReadProcessMemory or WriteProcessMemory request was completed. (0x12B)
[0816/161247.296:ERROR:process_memory_win.cc(73)] ReadMemory at 0xf658bfd000 of 12288 bytes failed: Only part of a ReadProcessMemory or WriteProcessMemory request was completed. (0x12B)
[0816/161247.296:ERROR:process_memory_win.cc(73)] ReadMemory at 0xf6593fd000 of 12288 bytes failed: Only part of a ReadProcessMemory or WriteProcessMemory request was completed. (0x12B)
[0816/161247.296:ERROR:process_memory_win.cc(73)] ReadMemory at 0xf659bf7000 of 36864 bytes failed: Only part of a ReadProcessMemory or WriteProcessMemory request was completed. (0x12B)
[0816/161247.297:ERROR:process_memory_win.cc(73)] ReadMemory at 0xf65a3f6000 of 40960 bytes failed: Only part of a ReadProcessMemory or WriteProcessMemory request was completed. (0x12B)
[0816/161247.297:ERROR:process_memory_win.cc(73)] ReadMemory at 0xf65abfd000 of 12288 bytes failed: Only part of a ReadProcessMemory or WriteProcessMemory request was completed. (0x12B)
[0816/161247.297:ERROR:process_memory_win.cc(73)] ReadMemory at 0xf65b3fd000 of 12288 bytes failed: Only part of a ReadProcessMemory or WriteProcessMemory request was completed. (0x12B)
[0816/161247.297:ERROR:process_memory_win.cc(73)] ReadMemory at 0xf65bbfd000 of 12288 bytes failed: Only part of a ReadProcessMemory or WriteProcessMemory request was completed. (0x12B)
[0816/161247.297:ERROR:process_memory_win.cc(73)] ReadMemory at 0xf65c3fd000 of 12288 bytes failed: Only part of a ReadProcessMemory or WriteProcessMemory request was completed. (0x12B)
[0816/161247.297:ERROR:process_memory_win.cc(73)] ReadMemory at 0xf6542e5000 of 852 bytes failed: Only part of a ReadProcessMemory or WriteProcessMemory request was completed. (0x12B)
[0816/161247.297:ERROR:process_memory_win.cc(73)] ReadMemory at 0xf6542e6000 of 6024 bytes failed: Only part of a ReadProcessMemory or WriteProcessMemory request was completed. (0x12B)
[0816/161247.297:ERROR:process_memory_win.cc(73)] ReadMemory at 0xf6542e8000 of 6024 bytes failed: Only part of a ReadProcessMemory or WriteProcessMemory request was completed. (0x12B)
[0816/161247.297:ERROR:process_memory_win.cc(73)] ReadMemory at 0xf6542ea000 of 6024 bytes failed: Only part of a ReadProcessMemory or WriteProcessMemory request was completed. (0x12B)
[0816/161247.297:ERROR:process_memory_win.cc(73)] ReadMemory at 0xf6542ec000 of 6024 bytes failed: Only part of a ReadProcessMemory or WriteProcessMemory request was completed. (0x12B)
[0816/161247.297:ERROR:process_memory_win.cc(73)] ReadMemory at 0xf6542ee000 of 6024 bytes failed: Only part of a ReadProcessMemory or WriteProcessMemory request was completed. (0x12B)
[0816/161247.297:ERROR:process_memory_win.cc(73)] ReadMemory at 0xf6542f0000 of 6024 bytes failed: Only part of a ReadProcessMemory or WriteProcessMemory request was completed. (0x12B)
[0816/161247.297:ERROR:process_memory_win.cc(73)] ReadMemory at 0xf6542f2000 of 6024 bytes failed: Only part of a ReadProcessMemory or WriteProcessMemory request was completed. (0x12B)
[0816/161247.298:ERROR:process_memory_win.cc(73)] ReadMemory at 0xf6542f4000 of 6024 bytes failed: Only part of a ReadProcessMemory or WriteProcessMemory request was completed. (0x12B)
[0816/161247.298:ERROR:process_memory_win.cc(73)] ReadMemory at 0xf6542f6000 of 6024 bytes failed: Only part of a ReadProcessMemory or WriteProcessMemory request was completed. (0x12B)
[0816/161247.298:ERROR:process_memory_win.cc(73)] ReadMemory at 0xf6542f8000 of 6024 bytes failed: Only part of a ReadProcessMemory or WriteProcessMemory request was completed. (0x12B)
[0816/161247.298:ERROR:process_memory_win.cc(73)] ReadMemory at 0xf6542fa000 of 6024 bytes failed: Only part of a ReadProcessMemory or WriteProcessMemory request was completed. (0x12B)
[0816/161247.298:ERROR:process_memory_win.cc(73)] ReadMemory at 0xf6542fc000 of 6024 bytes failed: Only part of a ReadProcessMemory or WriteProcessMemory request was completed. (0x12B)
[0816/161247.298:ERROR:process_memory_win.cc(73)] ReadMemory at 0xf6542fe000 of 6024 bytes failed: Only part of a ReadProcessMemory or WriteProcessMemory request was completed. (0x12B)
[0816/161247.298:ERROR:process_memory_win.cc(73)] ReadMemory at 0xf654300000 of 6024 bytes failed: Only part of a ReadProcessMemory or WriteProcessMemory request was completed. (0x12B)
[0816/161247.298:ERROR:process_memory_win.cc(73)] ReadMemory at 0xf654302000 of 6024 bytes failed: Only part of a ReadProcessMemory or WriteProcessMemory request was completed. (0x12B)
[0816/161247.298:ERROR:process_memory_win.cc(73)] ReadMemory at 0xf654304000 of 6024 bytes failed: Only part of a ReadProcessMemory or WriteProcessMemory request was completed. (0x12B)
[0816/161247.298:ERROR:process_memory_win.cc(73)] ReadMemory at 0x237cd8502c0 of 40 bytes failed: Only part of a ReadProcessMemory or WriteProcessMemory request was completed. (0x12B)
[0816/161247.298:ERROR:process_memory_win.cc(73)] ReadMemory at 0x237cd8602c0 of 40 bytes failed: Only part of a ReadProcessMemory or WriteProcessMemory request was completed. (0x12B)
[0816/161247.298:ERROR:process_memory_win.cc(73)] ReadMemory at 0x237cd9102c0 of 40 bytes failed: Only part of a ReadProcessMemory or WriteProcessMemory request was completed. (0x12B)
[0816/161247.298:ERROR:process_memory_win.cc(73)] ReadMemory at 0x237cd920ca0 of 512 bytes failed: Only part of a ReadProcessMemory or WriteProcessMemory request was completed. (0x12B)
[0816/161247.298:ERROR:process_memory_win.cc(73)] ReadMemory at 0x237cd9213c0 of 512 bytes failed: Only part of a ReadProcessMemory or WriteProcessMemory request was completed. (0x12B)
[0816/161247.298:ERROR:process_memory_win.cc(73)] ReadMemory at 0x237cd922380 of 512 bytes failed: Only part of a ReadProcessMemory or WriteProcessMemory request was completed. (0x12B)
[0816/161247.298:ERROR:process_memory_win.cc(73)] ReadMemory at 0x237cd9502c0 of 40 bytes failed: Only part of a ReadProcessMemory or WriteProcessMemory request was completed. (0x12B)
[0816/161247.298:ERROR:process_memory_win.cc(73)] ReadMemory at 0x237cd950fe0 of 8046 bytes failed: Only part of a ReadProcessMemory or WriteProcessMemory request was completed. (0x12B)
[0816/161247.299:ERROR:process_memory_win.cc(73)] ReadMemory at 0x237cd952f60 of 1012 bytes failed: Only part of a ReadProcessMemory or WriteProcessMemory request was completed. (0x12B)
[0816/161247.299:ERROR:process_memory_win.cc(73)] ReadMemory at 0x237cd9535a8 of 120 bytes failed: Only part of a ReadProcessMemory or WriteProcessMemory request was completed. (0x12B)
[0816/161247.299:ERROR:process_memory_win.cc(73)] ReadMemory at 0x237cd953622 of 754 bytes failed: Only part of a ReadProcessMemory or WriteProcessMemory request was completed. (0x12B)
[0816/161247.299:ERROR:process_memory_win.cc(73)] ReadMemory at 0x237cd953916 of 120 bytes failed: Only part of a ReadProcessMemory or WriteProcessMemory request was completed. (0x12B)
[0816/161247.299:ERROR:process_memory_win.cc(73)] ReadMemory at 0x237cd953990 of 96 bytes failed: Only part of a ReadProcessMemory or WriteProcessMemory request was completed. (0x12B)
[0816/161247.299:ERROR:process_memory_win.cc(73)] ReadMemory at 0x237cd953a00 of 58 bytes failed: Only part of a ReadProcessMemory or WriteProcessMemory request was completed. (0x12B)
[0816/161247.299:ERROR:process_memory_win.cc(73)] ReadMemory at 0x237cd953b00 of 132 bytes failed: Only part of a ReadProcessMemory or WriteProcessMemory request was completed. (0x12B)
[0816/161247.299:ERROR:process_memory_win.cc(73)] ReadMemory at 0x237cd953c90 of 132 bytes failed: Only part of a ReadProcessMemory or WriteProcessMemory request was completed. (0x12B)
[0816/161247.299:ERROR:process_memory_win.cc(73)] ReadMemory at 0x237cd954230 of 132 bytes failed: Only part of a ReadProcessMemory or WriteProcessMemory request was completed. (0x12B)
[0816/161247.299:ERROR:process_memory_win.cc(73)] ReadMemory at 0x237cd9543c0 of 64 bytes failed: Only part of a ReadProcessMemory or WriteProcessMemory request was completed. (0x12B)
[0816/161247.299:ERROR:process_memory_win.cc(73)] ReadMemory at 0x237cd954580 of 132 bytes failed: Only part of a ReadProcessMemory or WriteProcessMemory request was completed. (0x12B)
[0816/161247.299:ERROR:process_memory_win.cc(73)] ReadMemory at 0x237cd954820 of 132 bytes failed: Only part of a ReadProcessMemory or WriteProcessMemory request was completed. (0x12B)
[0816/161247.299:ERROR:process_memory_win.cc(73)] ReadMemory at 0x237cd9549b0 of 68 bytes failed: Only part of a ReadProcessMemory or WriteProcessMemory request was completed. (0x12B)
[0816/161247.299:ERROR:process_memory_win.cc(73)] ReadMemory at 0x237cd9559a0 of 152 bytes failed: Only part of a ReadProcessMemory or WriteProcessMemory request was completed. (0x12B)
[0816/161247.299:ERROR:process_memory_win.cc(73)] ReadMemory at 0x237cd95b7f0 of 54 bytes failed: Only part of a ReadProcessMemory or WriteProcessMemory request was completed. (0x12B)
[0816/161247.299:ERROR:process_memory_win.cc(73)] ReadMemory at 0x237cd960fd0 of 80 bytes failed: Only part of a ReadProcessMemory or WriteProcessMemory request was completed. (0x12B)
[0816/161247.299:ERROR:process_memory_win.cc(73)] ReadMemory at 0x237cd961030 of 80 bytes failed: Only part of a ReadProcessMemory or WriteProcessMemory request was completed. (0x12B)
[0816/161247.300:ERROR:process_memory_win.cc(73)] ReadMemory at 0x237cd961950 of 60 bytes failed: Only part of a ReadProcessMemory or WriteProcessMemory request was completed. (0x12B)
[0816/161247.300:ERROR:process_memory_win.cc(73)] ReadMemory at 0x237cd9619f0 of 64 bytes failed: Only part of a ReadProcessMemory or WriteProcessMemory request was completed. (0x12B)
[0816/161247.300:ERROR:process_memory_win.cc(73)] ReadMemory at 0x237cd961ae0 of 62 bytes failed: Only part of a ReadProcessMemory or WriteProcessMemory request was completed. (0x12B)
[0816/161247.300:ERROR:process_memory_win.cc(73)] ReadMemory at 0x237cd961bd0 of 60 bytes failed: Only part of a ReadProcessMemory or WriteProcessMemory request was completed. (0x12B)
[0816/161247.300:ERROR:process_memory_win.cc(73)] ReadMemory at 0x237cd9639d0 of 144 bytes failed: Only part of a ReadProcessMemory or WriteProcessMemory request was completed. (0x12B)
[0816/161247.300:ERROR:process_memory_win.cc(73)] ReadMemory at 0x237cd963fc0 of 132 bytes failed: Only part of a ReadProcessMemory or WriteProcessMemory request was completed. (0x12B)
[0816/161247.300:ERROR:process_memory_win.cc(73)] ReadMemory at 0x237cd964500 of 132 bytes failed: Only part of a ReadProcessMemory or WriteProcessMemory request was completed. (0x12B)
[0816/161247.300:ERROR:process_memory_win.cc(73)] ReadMemory at 0x237cd964920 of 132 bytes failed: Only part of a ReadProcessMemory or WriteProcessMemory request was completed. (0x12B)
[0816/161247.300:ERROR:process_memory_win.cc(73)] ReadMemory at 0x237cd965db0 of 132 bytes failed: Only part of a ReadProcessMemory or WriteProcessMemory request was completed. (0x12B)
[0816/161247.300:ERROR:process_memory_win.cc(73)] ReadMemory at 0x237cd967200 of 132 bytes failed: Only part of a ReadProcessMemory or WriteProcessMemory request was completed. (0x12B)
[0816/161247.300:ERROR:process_memory_win.cc(73)] ReadMemory at 0x237cd967420 of 132 bytes failed: Only part of a ReadProcessMemory or WriteProcessMemory request was completed. (0x12B)
[0816/161247.300:ERROR:process_memory_win.cc(73)] ReadMemory at 0x237cd967640 of 132 bytes failed: Only part of a ReadProcessMemory or WriteProcessMemory request was completed. (0x12B)
[0816/161247.300:ERROR:process_memory_win.cc(73)] ReadMemory at 0x237cd9679a0 of 132 bytes failed: Only part of a ReadProcessMemory or WriteProcessMemory request was completed. (0x12B)
[0816/161247.300:ERROR:process_memory_win.cc(73)] ReadMemory at 0x237cd967bb0 of 132 bytes failed: Only part of a ReadProcessMemory or WriteProcessMemory request was completed. (0x12B)
[0816/161247.300:ERROR:process_memory_win.cc(73)] ReadMemory at 0x237cd967e90 of 132 bytes failed: Only part of a ReadProcessMemory or WriteProcessMemory request was completed. (0x12B)
[0816/161247.300:ERROR:process_memory_win.cc(73)] ReadMemory at 0x237cd968290 of 132 bytes failed: Only part of a ReadProcessMemory or WriteProcessMemory request was completed. (0x12B)
[0816/161247.300:ERROR:process_memory_win.cc(73)] ReadMemory at 0x237cd9683c0 of 132 bytes failed: Only part of a ReadProcessMemory or WriteProcessMemory request was completed. (0x12B)
[0816/161247.300:ERROR:process_memory_win.cc(73)] ReadMemory at 0x237cd9684f0 of 132 bytes failed: Only part of a ReadProcessMemory or WriteProcessMemory request was completed. (0x12B)
[0816/161247.300:ERROR:process_memory_win.cc(73)] ReadMemory at 0x237cd968620 of 132 bytes failed: Only part of a ReadProcessMemory or WriteProcessMemory request was completed. (0x12B)
[0816/161247.300:ERROR:process_memory_win.cc(73)] ReadMemory at 0x237cd968750 of 132 bytes failed: Only part of a ReadProcessMemory or WriteProcessMemory request was completed. (0x12B)
[0816/161247.300:ERROR:process_memory_win.cc(73)] ReadMemory at 0x237cd968880 of 132 bytes failed: Only part of a ReadProcessMemory or WriteProcessMemory request was completed. (0x12B)
[0816/161247.300:ERROR:process_memory_win.cc(73)] ReadMemory at 0x237cd9689b0 of 132 bytes failed: Only part of a ReadProcessMemory or WriteProcessMemory request was completed. (0x12B)
[0816/161247.301:ERROR:process_memory_win.cc(73)] ReadMemory at 0x237cd968ae0 of 132 bytes failed: Only part of a ReadProcessMemory or WriteProcessMemory request was completed. (0x12B)
[0816/161247.301:ERROR:process_memory_win.cc(73)] ReadMemory at 0x237cd968c10 of 132 bytes failed: Only part of a ReadProcessMemory or WriteProcessMemory request was completed. (0x12B)
[0816/161247.301:ERROR:process_memory_win.cc(73)] ReadMemory at 0x237cd968d40 of 132 bytes failed: Only part of a ReadProcessMemory or WriteProcessMemory request was completed. (0x12B)
[0816/161247.301:ERROR:process_memory_win.cc(73)] ReadMemory at 0x237cd968e70 of 132 bytes failed: Only part of a ReadProcessMemory or WriteProcessMemory request was completed. (0x12B)
[0816/161247.301:ERROR:process_memory_win.cc(73)] ReadMemory at 0x237cd968fa0 of 132 bytes failed: Only part of a ReadProcessMemory or WriteProcessMemory request was completed. (0x12B)
[0816/161247.301:ERROR:process_memory_win.cc(73)] ReadMemory at 0x237cd969060 of 512 bytes failed: Only part of a ReadProcessMemory or WriteProcessMemory request was completed. (0x12B)
[0816/161247.301:ERROR:process_memory_win.cc(73)] ReadMemory at 0x237cd9696e0 of 132 bytes failed: Only part of a ReadProcessMemory or WriteProcessMemory request was completed. (0x12B)
[0816/161247.301:ERROR:process_memory_win.cc(73)] ReadMemory at 0x237cd9698f0 of 132 bytes failed: Only part of a ReadProcessMemory or WriteProcessMemory request was completed. (0x12B)
[0816/161247.301:ERROR:process_memory_win.cc(73)] ReadMemory at 0x237cd96ff90 of 64 bytes failed: Only part of a ReadProcessMemory or WriteProcessMemory request was completed. (0x12B)
[0816/161247.301:ERROR:process_memory_win.cc(73)] ReadMemory at 0x237cd96ffe0 of 62 bytes failed: Only part of a ReadProcessMemory or WriteProcessMemory request was completed. (0x12B)
[0816/161247.301:ERROR:process_memory_win.cc(73)] ReadMemory at 0x237cd970210 of 64 bytes failed: Only part of a ReadProcessMemory or WriteProcessMemory request was completed. (0x12B)
[0816/161247.301:ERROR:process_memory_win.cc(73)] ReadMemory at 0x237cd9702b0 of 62 bytes failed: Only part of a ReadProcessMemory or WriteProcessMemory request was completed. (0x12B)
[0816/161247.301:ERROR:process_memory_win.cc(73)] ReadMemory at 0x237cd970300 of 62 bytes failed: Only part of a ReadProcessMemory or WriteProcessMemory request was completed. (0x12B)
[0816/161247.301:ERROR:process_memory_win.cc(73)] ReadMemory at 0x237cd9703f0 of 66 bytes failed: Only part of a ReadProcessMemory or WriteProcessMemory request was completed. (0x12B)
[0816/161247.301:ERROR:process_memory_win.cc(73)] ReadMemory at 0x237cd970490 of 60 bytes failed: Only part of a ReadProcessMemory or WriteProcessMemory request was completed. (0x12B)
[0816/161247.301:ERROR:process_memory_win.cc(73)] ReadMemory at 0x237cd9704e0 of 60 bytes failed: Only part of a ReadProcessMemory or WriteProcessMemory request was completed. (0x12B)
[0816/161247.301:ERROR:process_memory_win.cc(73)] ReadMemory at 0x237cd970530 of 64 bytes failed: Only part of a ReadProcessMemory or WriteProcessMemory request was completed. (0x12B)
[0816/161247.301:ERROR:process_memory_win.cc(73)] ReadMemory at 0x237cd9705d0 of 60 bytes failed: Only part of a ReadProcessMemory or WriteProcessMemory request was completed. (0x12B)
[0816/161247.301:ERROR:process_memory_win.cc(73)] ReadMemory at 0x237cd9707b0 of 64 bytes failed: Only part of a ReadProcessMemory or WriteProcessMemory request was completed. (0x12B)
[0816/161247.301:ERROR:process_memory_win.cc(73)] ReadMemory at 0x237cd9708f0 of 66 bytes failed: Only part of a ReadProcessMemory or WriteProcessMemory request was completed. (0x12B)
[0816/161247.301:ERROR:process_memory_win.cc(73)] ReadMemory at 0x237cd970940 of 60 bytes failed: Only part of a ReadProcessMemory or WriteProcessMemory request was completed. (0x12B)
[0816/161247.301:ERROR:process_memory_win.cc(73)] ReadMemory at 0x237cd970990 of 62 bytes failed: Only part of a ReadProcessMemory or WriteProcessMemory request was completed. (0x12B)
[0816/161247.302:ERROR:process_memory_win.cc(73)] ReadMemory at 0x237cd970a30 of 60 bytes failed: Only part of a ReadProcessMemory or WriteProcessMemory request was completed. (0x12B)
[0816/161247.302:ERROR:process_memory_win.cc(73)] ReadMemory at 0x237cd970a80 of 62 bytes failed: Only part of a ReadProcessMemory or WriteProcessMemory request was completed. (0x12B)
[0816/161247.302:ERROR:process_memory_win.cc(73)] ReadMemory at 0x237cd970ad0 of 62 bytes failed: Only part of a ReadProcessMemory or WriteProcessMemory request was completed. (0x12B)
[0816/161247.302:ERROR:process_memory_win.cc(73)] ReadMemory at 0x237cd970b70 of 60 bytes failed: Only part of a ReadProcessMemory or WriteProcessMemory request was completed. (0x12B)
[0816/161247.302:ERROR:process_memory_win.cc(73)] ReadMemory at 0x237cd970c10 of 62 bytes failed: Only part of a ReadProcessMemory or WriteProcessMemory request was completed. (0x12B)
[0816/161247.302:ERROR:process_memory_win.cc(73)] ReadMemory at 0x237cd970c60 of 64 bytes failed: Only part of a ReadProcessMemory or WriteProcessMemory request was completed. (0x12B)
[0816/161247.302:ERROR:process_memory_win.cc(73)] ReadMemory at 0x237cd970d00 of 64 bytes failed: Only part of a ReadProcessMemory or WriteProcessMemory request was completed. (0x12B)
[0816/161247.302:ERROR:process_memory_win.cc(73)] ReadMemory at 0x237cd970d50 of 60 bytes failed: Only part of a ReadProcessMemory or WriteProcessMemory request was completed. (0x12B)
[0816/161247.302:ERROR:process_memory_win.cc(73)] ReadMemory at 0x237cd970da0 of 58 bytes failed: Only part of a ReadProcessMemory or WriteProcessMemory request was completed. (0x12B)
[0816/161247.302:ERROR:process_memory_win.cc(73)] ReadMemory at 0x237cd970e40 of 62 bytes failed: Only part of a ReadProcessMemory or WriteProcessMemory request was completed. (0x12B)
[0816/161247.302:ERROR:process_memory_win.cc(73)] ReadMemory at 0x237cd970e90 of 62 bytes failed: Only part of a ReadProcessMemory or WriteProcessMemory request was completed. (0x12B)
[0816/161247.302:ERROR:process_memory_win.cc(73)] ReadMemory at 0x237cd970ee0 of 64 bytes failed: Only part of a ReadProcessMemory or WriteProcessMemory request was completed. (0x12B)
[0816/161247.302:ERROR:process_memory_win.cc(73)] ReadMemory at 0x237cd972400 of 132 bytes failed: Only part of a ReadProcessMemory or WriteProcessMemory request was completed. (0x12B)
[0816/161247.302:ERROR:process_memory_win.cc(73)] ReadMemory at 0x237cd972530 of 132 bytes failed: Only part of a ReadProcessMemory or WriteProcessMemory request was completed. (0x12B)
[0816/161247.302:ERROR:process_memory_win.cc(73)] ReadMemory at 0x237cd972660 of 132 bytes failed: Only part of a ReadProcessMemory or WriteProcessMemory request was completed. (0x12B)
[0816/161247.302:ERROR:process_memory_win.cc(73)] ReadMemory at 0x237cd9728c0 of 132 bytes failed: Only part of a ReadProcessMemory or WriteProcessMemory request was completed. (0x12B)
[0816/161247.302:ERROR:process_memory_win.cc(73)] ReadMemory at 0x237cd972b20 of 132 bytes failed: Only part of a ReadProcessMemory or WriteProcessMemory request was completed. (0x12B)
[0816/161247.302:ERROR:process_memory_win.cc(73)] ReadMemory at 0x237cd972c50 of 132 bytes failed: Only part of a ReadProcessMemory or WriteProcessMemory request was completed. (0x12B)
[0816/161247.302:ERROR:process_memory_win.cc(73)] ReadMemory at 0x237cd973240 of 132 bytes failed: Only part of a ReadProcessMemory or WriteProcessMemory request was completed. (0x12B)
[0816/161247.302:ERROR:process_memory_win.cc(73)] ReadMemory at 0x237cd973830 of 132 bytes failed: Only part of a ReadProcessMemory or WriteProcessMemory request was completed. (0x12B)
[0816/161247.302:ERROR:process_memory_win.cc(73)] ReadMemory at 0x237cd973960 of 132 bytes failed: Only part of a ReadProcessMemory or WriteProcessMemory request was completed. (0x12B)
[0816/161247.302:ERROR:process_memory_win.cc(73)] ReadMemory at 0x237cd973e20 of 132 bytes failed: Only part of a ReadProcessMemory or WriteProcessMemory request was completed. (0x12B)
[0816/161247.302:ERROR:process_memory_win.cc(73)] ReadMemory at 0x237cd973f50 of 132 bytes failed: Only part of a ReadProcessMemory or WriteProcessMemory request was completed. (0x12B)
[0816/161247.302:ERROR:process_memory_win.cc(73)] ReadMemory at 0x237cd9752a0 of 76 bytes failed: Only part of a ReadProcessMemory or WriteProcessMemory request was completed. (0x12B)
[0816/161247.303:ERROR:process_memory_win.cc(73)] ReadMemory at 0x237cd97abc0 of 48 bytes failed: Only part of a ReadProcessMemory or WriteProcessMemory request was completed. (0x12B)
[0816/161247.303:ERROR:process_memory_win.cc(73)] ReadMemory at 0x237cd97adc0 of 48 bytes failed: Only part of a ReadProcessMemory or WriteProcessMemory request was completed. (0x12B)
[0816/161247.303:ERROR:process_memory_win.cc(73)] ReadMemory at 0x237cd97eea0 of 40 bytes failed: Only part of a ReadProcessMemory or WriteProcessMemory request was completed. (0x12B)
[0816/161247.303:ERROR:process_memory_win.cc(73)] ReadMemory at 0x237cd9aa210 of 512 bytes failed: Only part of a ReadProcessMemory or WriteProcessMemory request was completed. (0x12B)
[0816/161247.303:ERROR:process_memory_win.cc(73)] ReadMemory at 0x237cd9b2e30 of 512 bytes failed: Only part of a ReadProcessMemory or WriteProcessMemory request was completed. (0x12B)
[0816/161247.303:ERROR:process_memory_win.cc(73)] ReadMemory at 0x237cd9bb760 of 124 bytes failed: Only part of a ReadProcessMemory or WriteProcessMemory request was completed. (0x12B)
[0816/161247.303:ERROR:process_memory_win.cc(73)] ReadMemory at 0x237cd9bc2c0 of 512 bytes failed: Only part of a ReadProcessMemory or WriteProcessMemory request was completed. (0x12B)
[0816/161247.303:ERROR:process_memory_win.cc(73)] ReadMemory at 0x237cd9bcd60 of 768 bytes failed: Only part of a ReadProcessMemory or WriteProcessMemory request was completed. (0x12B)
[0816/161247.303:ERROR:process_memory_win.cc(73)] ReadMemory at 0x237cd9c4590 of 512 bytes failed: Only part of a ReadProcessMemory or WriteProcessMemory request was completed. (0x12B)
[0816/161247.303:ERROR:process_memory_win.cc(73)] ReadMemory at 0x237cd9cf5b0 of 512 bytes failed: Only part of a ReadProcessMemory or WriteProcessMemory request was completed. (0x12B)
[0816/161247.303:ERROR:process_memory_win.cc(73)] ReadMemory at 0x237cd9d1450 of 512 bytes failed: Only part of a ReadProcessMemory or WriteProcessMemory request was completed. (0x12B)
[0816/161247.303:ERROR:process_memory_win.cc(73)] ReadMemory at 0x237cda05df0 of 712 bytes failed: Only part of a ReadProcessMemory or WriteProcessMemory request was completed. (0x12B)
[0816/161247.303:ERROR:process_memory_win.cc(73)] ReadMemory at 0x237cda0b4a4 of 624 bytes failed: Only part of a ReadProcessMemory or WriteProcessMemory request was completed. (0x12B)
[0816/161247.303:ERROR:process_memory_win.cc(73)] ReadMemory at 0x237cda1b520 of 512 bytes failed: Only part of a ReadProcessMemory or WriteProcessMemory request was completed. (0x12B)
[0816/161247.303:ERROR:process_memory_win.cc(73)] ReadMemory at 0x237cda30f80 of 512 bytes failed: Only part of a ReadProcessMemory or WriteProcessMemory request was completed. (0x12B)
[0816/161247.303:ERROR:process_memory_win.cc(73)] ReadMemory at 0x237cda35b70 of 40 bytes failed: Only part of a ReadProcessMemory or WriteProcessMemory request was completed. (0x12B)
[0816/161247.303:ERROR:process_memory_win.cc(73)] ReadMemory at 0x237cda36010 of 512 bytes failed: Only part of a ReadProcessMemory or WriteProcessMemory request was completed. (0x12B)
[0816/161247.303:ERROR:process_memory_win.cc(73)] ReadMemory at 0x237ce0202c0 of 40 bytes failed: Only part of a ReadProcessMemory or WriteProcessMemory request was completed. (0x12B)
[0816/161247.303:ERROR:process_memory_win.cc(73)] ReadMemory at 0x237cf6a43a0 of 608 bytes failed: Only part of a ReadProcessMemory or WriteProcessMemory request was completed. (0x12B)
[0816/161247.303:ERROR:process_memory_win.cc(73)] ReadMemory at 0x237cf6fa530 of 512 bytes failed: Only part of a ReadProcessMemory or WriteProcessMemory request was completed. (0x12B)
[0816/161247.304:ERROR:process_memory_win.cc(73)] ReadMemory at 0x237cf84a1c0 of 512 bytes failed: Only part of a ReadProcessMemory or WriteProcessMemory request was completed. (0x12B)
[0816/161247.304:ERROR:process_memory_win.cc(73)] ReadMemory at 0x237cf8abd30 of 512 bytes failed: Only part of a ReadProcessMemory or WriteProcessMemory request was completed. (0x12B)
[0816/161247.304:ERROR:process_memory_win.cc(73)] ReadMemory at 0x237cf8ad230 of 512 bytes failed: Only part of a ReadProcessMemory or WriteProcessMemory request was completed. (0x12B)
[0816/161247.304:ERROR:process_memory_win.cc(73)] ReadMemory at 0x237cfaf8130 of 512 bytes failed: Only part of a ReadProcessMemory or WriteProcessMemory request was completed. (0x12B)
[0816/161247.304:ERROR:process_memory_win.cc(73)] ReadMemory at 0x3136081941d5 of 512 bytes failed: Only part of a ReadProcessMemory or WriteProcessMemory request was completed. (0x12B)
[0816/161247.304:ERROR:process_memory_win.cc(73)] ReadMemory at 0x7ffb8fdb4fc2 of 512 bytes failed: Only part of a ReadProcessMemory or WriteProcessMemory request was completed. (0x12B)
[0816/161247.304:ERROR:process_memory_win.cc(73)] ReadMemory at 0x7ffbe0a9a230 of 40 bytes failed: Only part of a ReadProcessMemory or WriteProcessMemory request was completed. (0x12B)
[0816/161247.304:ERROR:process_memory_win.cc(73)] ReadMemory at 0x7ffbff600000 of 384 bytes failed: Only part of a ReadProcessMemory or WriteProcessMemory request was completed. (0x12B)
[0816/161247.304:ERROR:process_memory_win.cc(73)] ReadMemory at 0x7ffbffae8cb0 of 40 bytes failed: Only part of a ReadProcessMemory or WriteProcessMemory request was completed. (0x12B)
[0816/161247.304:ERROR:process_memory_win.cc(73)] ReadMemory at 0x7ffbfff2a699 of 512 bytes failed: Only part of a ReadProcessMemory or WriteProcessMemory request was completed. (0x12B)
[0816/161247.304:ERROR:process_memory_win.cc(73)] ReadMemory at 0x7ffc0015c6d0 of 512 bytes failed: Only part of a ReadProcessMemory or WriteProcessMemory request was completed. (0x12B)
[0816/161247.304:ERROR:process_memory_win.cc(73)] ReadMemory at 0x7ffc02af7b54 of 512 bytes failed: Only part of a ReadProcessMemory or WriteProcessMemory request was completed. (0x12B)
[0816/161247.304:ERROR:process_memory_win.cc(73)] ReadMemory at 0x7ffc02b01f80 of 512 bytes failed: Only part of a ReadProcessMemory or WriteProcessMemory request was completed. (0x12B)
[0816/161247.304:ERROR:process_memory_win.cc(73)] ReadMemory at 0x7ffc02dbc074 of 672 bytes failed: Only part of a ReadProcessMemory or WriteProcessMemory request was completed. (0x12B)
[0816/161247.304:ERROR:process_memory_win.cc(73)] ReadMemory at 0x7ffc02dbc674 of 512 bytes failed: Only part of a ReadProcessMemory or WriteProcessMemory request was completed. (0x12B)
[0816/161247.304:ERROR:process_memory_win.cc(73)] ReadMemory at 0x7ffc02dbf924 of 608 bytes failed: Only part of a ReadProcessMemory or WriteProcessMemory request was completed. (0x12B)
[0816/161247.304:ERROR:process_memory_win.cc(73)] ReadMemory at 0x7ffc02e4c428 of 18 bytes failed: Only part of a ReadProcessMemory or WriteProcessMemory request was completed. (0x12B)
[0816/161247.304:ERROR:process_memory_win.cc(73)] ReadMemory at 0x7ffc02e7f4f8 of 40 bytes failed: Only part of a ReadProcessMemory or WriteProcessMemory request was completed. (0x12B)
[0816/161247.304:ERROR:process_memory_win.cc(73)] ReadMemory at 0x7ffc02e7f560 of 48 bytes failed: Only part of a ReadProcessMemory or WriteProcessMemory request was completed. (0x12B)
[0816/161247.304:ERROR:process_memory_win.cc(73)] ReadMemory at 0x7ffc02e7f978 of 48 bytes failed: Only part of a ReadProcessMemory or WriteProcessMemory request was completed. (0x12B)
[0816/161247.304:ERROR:process_memory_win.cc(73)] ReadMemory at 0x7ffc02e83be0 of 40 bytes failed: Only part of a ReadProcessMemory or WriteProcessMemory request was completed. (0x12B)
[0816/161247.304:ERROR:process_memory_win.cc(73)] ReadMemory at 0x7ffc02e83d40 of 336 bytes failed: Only part of a ReadProcessMemory or WriteProcessMemory request was completed. (0x12B)
[0816/161247.304:ERROR:process_memory_win.cc(73)] ReadMemory at 0x7ffc02e853c0 of 64 bytes failed: Only part of a ReadProcessMemory or WriteProcessMemory request was completed. (0x12B)
[0816/161247.306:ERROR:scoped_process_suspend.cc(40)] NtResumeProcess: An attempt was made to access an exiting process. (0xc000010a)
